{
  "numFailedTestSuites": 17,
  "numFailedTests": 48,
  "numPassedTestSuites": 15,
  "numPassedTests": 134,
  "numPendingTestSuites": 0,
  "numPendingTests": 0,
  "numRuntimeErrorTestSuites": 4,
  "numTodoTests": 0,
  "numTotalTestSuites": 32,
  "numTotalTests": 182,
  "openHandles": [],
  "snapshot": {
    "added": 0,
    "didUpdate": false,
    "failure": false,
    "filesAdded": 0,
    "filesRemoved": 0,
    "filesRemovedList": [],
    "filesUnmatched": 0,
    "filesUpdated": 0,
    "matched": 0,
    "total": 0,
    "unchecked": 0,
    "uncheckedKeysByFile": [],
    "unmatched": 0,
    "updated": 0
  },
  "startTime": 1733816534604,
  "success": false,
  "testResults": [
    {
      "assertionResults": [
        {
          "ancestorTitles": ["UsersService"],
          "duration": 70,
          "failureDetails": [],
          "failureMessages": [],
          "fullName": "UsersService should be defined",
          "invocations": 1,
          "location": null,
          "numPassingAsserts": 1,
          "retryReasons": [],
          "status": "passed",
          "title": "should be defined"
        },
        {
          "ancestorTitles": ["UsersService", "create"],
          "duration": 140,
          "failureDetails": [],
          "failureMessages": [],
          "fullName": "UsersService create should create a user successfully",
          "invocations": 1,
          "location": null,
          "numPassingAsserts": 2,
          "retryReasons": [],
          "status": "passed",
          "title": "should create a user successfully"
        },
        {
          "ancestorTitles": ["UsersService", "create"],
          "duration": 86,
          "failureDetails": [
            {
              "matcherResult": {
                "message": "\u001b[2mexpect(\u001b[22m\u001b[31mreceived\u001b[39m\u001b[2m).\u001b[22mrejects\u001b[2m.\u001b[22mtoThrow\u001b[2m(\u001b[22m\u001b[32mexpected\u001b[39m\u001b[2m)\u001b[22m\n\nExpected constructor: \u001b[32mConflictException\u001b[39m\nReceived constructor: \u001b[31mBadRequestException\u001b[39m\n\nReceived message: \u001b[31m\"Email đã tồn tại: user1@example.com\"\u001b[39m\n\n    \u001b[0m \u001b[90m 51 |\u001b[39m\n     \u001b[90m 52 |\u001b[39m       \u001b[36mif\u001b[39m (\u001b[36mawait\u001b[39m \u001b[36mthis\u001b[39m\u001b[33m.\u001b[39misEmailExist(email)) {\n    \u001b[31m\u001b[1m>\u001b[22m\u001b[39m\u001b[90m 53 |\u001b[39m         \u001b[36mthrow\u001b[39m \u001b[36mnew\u001b[39m \u001b[33mBadRequestException\u001b[39m(\u001b[32m`Email đã tồn tại: ${email}`\u001b[39m)\u001b[33m;\u001b[39m\n     \u001b[90m    |\u001b[39m               \u001b[31m\u001b[1m^\u001b[22m\u001b[39m\n     \u001b[90m 54 |\u001b[39m       }\n     \u001b[90m 55 |\u001b[39m\n     \u001b[90m 56 |\u001b[39m       \u001b[36mif\u001b[39m (\u001b[36mawait\u001b[39m \u001b[36mthis\u001b[39m\u001b[33m.\u001b[39misPhoneExist(phone)) {\u001b[0m\n\n      \u001b[2mat UsersService.create (\u001b[22msrc/modules/users/users.service.ts\u001b[2m:53:15)\u001b[22m\n      \u001b[2mat Object.<anonymous> (\u001b[22msrc/modules/users/users.service.spec.ts\u001b[2m:87:7)\u001b[22m",
                "pass": false
              },
              "message": "\u001b[2mexpect(\u001b[22m\u001b[31mreceived\u001b[39m\u001b[2m).\u001b[22mrejects\u001b[2m.\u001b[22mtoThrow\u001b[2m(\u001b[22m\u001b[32mexpected\u001b[39m\u001b[2m)\u001b[22m\n\nExpected constructor: \u001b[32mConflictException\u001b[39m\nReceived constructor: \u001b[31mBadRequestException\u001b[39m\n\nReceived message: \u001b[31m\"Email đã tồn tại: user1@example.com\"\u001b[39m\n\n    \u001b[0m \u001b[90m 51 |\u001b[39m\n     \u001b[90m 52 |\u001b[39m       \u001b[36mif\u001b[39m (\u001b[36mawait\u001b[39m \u001b[36mthis\u001b[39m\u001b[33m.\u001b[39misEmailExist(email)) {\n    \u001b[31m\u001b[1m>\u001b[22m\u001b[39m\u001b[90m 53 |\u001b[39m         \u001b[36mthrow\u001b[39m \u001b[36mnew\u001b[39m \u001b[33mBadRequestException\u001b[39m(\u001b[32m`Email đã tồn tại: ${email}`\u001b[39m)\u001b[33m;\u001b[39m\n     \u001b[90m    |\u001b[39m               \u001b[31m\u001b[1m^\u001b[22m\u001b[39m\n     \u001b[90m 54 |\u001b[39m       }\n     \u001b[90m 55 |\u001b[39m\n     \u001b[90m 56 |\u001b[39m       \u001b[36mif\u001b[39m (\u001b[36mawait\u001b[39m \u001b[36mthis\u001b[39m\u001b[33m.\u001b[39misPhoneExist(phone)) {\u001b[0m\n\n      \u001b[2mat UsersService.create (\u001b[22msrc/modules/users/users.service.ts\u001b[2m:53:15)\u001b[22m\n      \u001b[2mat Object.<anonymous> (\u001b[22msrc/modules/users/users.service.spec.ts\u001b[2m:87:7)\u001b[22m"
            }
          ],
          "failureMessages": [
            "Error: \u001b[2mexpect(\u001b[22m\u001b[31mreceived\u001b[39m\u001b[2m).\u001b[22mrejects\u001b[2m.\u001b[22mtoThrow\u001b[2m(\u001b[22m\u001b[32mexpected\u001b[39m\u001b[2m)\u001b[22m\n\nExpected constructor: \u001b[32mConflictException\u001b[39m\nReceived constructor: \u001b[31mBadRequestException\u001b[39m\n\nReceived message: \u001b[31m\"Email đã tồn tại: user1@example.com\"\u001b[39m\n\n    \u001b[0m \u001b[90m 51 |\u001b[39m\n     \u001b[90m 52 |\u001b[39m       \u001b[36mif\u001b[39m (\u001b[36mawait\u001b[39m \u001b[36mthis\u001b[39m\u001b[33m.\u001b[39misEmailExist(email)) {\n    \u001b[31m\u001b[1m>\u001b[22m\u001b[39m\u001b[90m 53 |\u001b[39m         \u001b[36mthrow\u001b[39m \u001b[36mnew\u001b[39m \u001b[33mBadRequestException\u001b[39m(\u001b[32m`Email đã tồn tại: ${email}`\u001b[39m)\u001b[33m;\u001b[39m\n     \u001b[90m    |\u001b[39m               \u001b[31m\u001b[1m^\u001b[22m\u001b[39m\n     \u001b[90m 54 |\u001b[39m       }\n     \u001b[90m 55 |\u001b[39m\n     \u001b[90m 56 |\u001b[39m       \u001b[36mif\u001b[39m (\u001b[36mawait\u001b[39m \u001b[36mthis\u001b[39m\u001b[33m.\u001b[39misPhoneExist(phone)) {\u001b[0m\n\n      \u001b[2mat UsersService.create (\u001b[22msrc/modules/users/users.service.ts\u001b[2m:53:15)\u001b[22m\n      \u001b[2mat Object.<anonymous> (\u001b[22msrc/modules/users/users.service.spec.ts\u001b[2m:87:7)\u001b[22m\n    at Object.toThrow (D:\\SE100\\Project\\pj-02-mart-management-be\\node_modules\\expect\\build\\index.js:218:22)\n    at Object.<anonymous> (D:\\SE100\\Project\\pj-02-mart-management-be\\src\\modules\\users\\users.service.spec.ts:87:59)\n    at Promise.then.completed (D:\\SE100\\Project\\pj-02-mart-management-be\\node_modules\\jest-circus\\build\\utils.js:298:28)\n    at new Promise (<anonymous>)\n    at callAsyncCircusFn (D:\\SE100\\Project\\pj-02-mart-management-be\\node_modules\\jest-circus\\build\\utils.js:231:10)\n    at _callCircusTest (D:\\SE100\\Project\\pj-02-mart-management-be\\node_modules\\jest-circus\\build\\run.js:316:40)\n    at _runTest (D:\\SE100\\Project\\pj-02-mart-management-be\\node_modules\\jest-circus\\build\\run.js:252:3)\n    at _runTestsForDescribeBlock (D:\\SE100\\Project\\pj-02-mart-management-be\\node_modules\\jest-circus\\build\\run.js:126:9)\n    at _runTestsForDescribeBlock (D:\\SE100\\Project\\pj-02-mart-management-be\\node_modules\\jest-circus\\build\\run.js:121:9)\n    at _runTestsForDescribeBlock (D:\\SE100\\Project\\pj-02-mart-management-be\\node_modules\\jest-circus\\build\\run.js:121:9)\n    at run (D:\\SE100\\Project\\pj-02-mart-management-be\\node_modules\\jest-circus\\build\\run.js:71:3)\n    at runAndTransformResultsToJestFormat (D:\\SE100\\Project\\pj-02-mart-management-be\\node_modules\\jest-circus\\build\\legacy-code-todo-rewrite\\jestAdapterInit.js:122:21)\n    at jestAdapter (D:\\SE100\\Project\\pj-02-mart-management-be\\node_modules\\jest-circus\\build\\legacy-code-todo-rewrite\\jestAdapter.js:79:19)\n    at runTestInternal (D:\\SE100\\Project\\pj-02-mart-management-be\\node_modules\\jest-runner\\build\\runTest.js:367:16)\n    at runTest (D:\\SE100\\Project\\pj-02-mart-management-be\\node_modules\\jest-runner\\build\\runTest.js:444:34)\n    at Object.worker (D:\\SE100\\Project\\pj-02-mart-management-be\\node_modules\\jest-runner\\build\\testWorker.js:106:12)"
          ],
          "fullName": "UsersService create should throw ConflictException if email already exists",
          "invocations": 1,
          "location": null,
          "numPassingAsserts": 0,
          "retryReasons": [],
          "status": "failed",
          "title": "should throw ConflictException if email already exists"
        },
        {
          "ancestorTitles": ["UsersService", "findOneById"],
          "duration": 7,
          "failureDetails": [],
          "failureMessages": [],
          "fullName": "UsersService findOneById should return a user by ID",
          "invocations": 1,
          "location": null,
          "numPassingAsserts": 1,
          "retryReasons": [],
          "status": "passed",
          "title": "should return a user by ID"
        },
        {
          "ancestorTitles": ["UsersService", "findOneById"],
          "duration": 57,
          "failureDetails": [
            {
              "matcherResult": {
                "message": "\u001b[2mexpect(\u001b[22m\u001b[31mreceived\u001b[39m\u001b[2m).\u001b[22mrejects\u001b[2m.\u001b[22mtoThrow\u001b[2m(\u001b[22m\u001b[32mexpected\u001b[39m\u001b[2m)\u001b[22m\n\nExpected constructor: \u001b[32mNotFoundException\u001b[39m\nReceived constructor: \u001b[31mInternalServerErrorException\u001b[39m\n\nReceived message: \u001b[31m\"Không thể tìm người dùng\"\u001b[39m\n\n    \u001b[0m \u001b[90m 168 |\u001b[39m     } \u001b[36mcatch\u001b[39m (error) {\n     \u001b[90m 169 |\u001b[39m       console\u001b[33m.\u001b[39merror(\u001b[32m`Lỗi khi tìm người dùng với ID ${id}:`\u001b[39m\u001b[33m,\u001b[39m error\u001b[33m.\u001b[39mmessage)\u001b[33m;\u001b[39m\n    \u001b[31m\u001b[1m>\u001b[22m\u001b[39m\u001b[90m 170 |\u001b[39m       \u001b[36mthrow\u001b[39m \u001b[36mnew\u001b[39m \u001b[33mInternalServerErrorException\u001b[39m(\u001b[32m'Không thể tìm người dùng'\u001b[39m)\u001b[33m;\u001b[39m\n     \u001b[90m     |\u001b[39m             \u001b[31m\u001b[1m^\u001b[22m\u001b[39m\n     \u001b[90m 171 |\u001b[39m     }\n     \u001b[90m 172 |\u001b[39m   }\n     \u001b[90m 173 |\u001b[39m\u001b[0m\n\n      \u001b[2mat UsersService.findOneById (\u001b[22msrc/modules/users/users.service.ts\u001b[2m:170:13)\u001b[22m\n      \u001b[2mat Object.<anonymous> (\u001b[22msrc/modules/users/users.service.spec.ts\u001b[2m:106:7)\u001b[22m",
                "pass": false
              },
              "message": "\u001b[2mexpect(\u001b[22m\u001b[31mreceived\u001b[39m\u001b[2m).\u001b[22mrejects\u001b[2m.\u001b[22mtoThrow\u001b[2m(\u001b[22m\u001b[32mexpected\u001b[39m\u001b[2m)\u001b[22m\n\nExpected constructor: \u001b[32mNotFoundException\u001b[39m\nReceived constructor: \u001b[31mInternalServerErrorException\u001b[39m\n\nReceived message: \u001b[31m\"Không thể tìm người dùng\"\u001b[39m\n\n    \u001b[0m \u001b[90m 168 |\u001b[39m     } \u001b[36mcatch\u001b[39m (error) {\n     \u001b[90m 169 |\u001b[39m       console\u001b[33m.\u001b[39merror(\u001b[32m`Lỗi khi tìm người dùng với ID ${id}:`\u001b[39m\u001b[33m,\u001b[39m error\u001b[33m.\u001b[39mmessage)\u001b[33m;\u001b[39m\n    \u001b[31m\u001b[1m>\u001b[22m\u001b[39m\u001b[90m 170 |\u001b[39m       \u001b[36mthrow\u001b[39m \u001b[36mnew\u001b[39m \u001b[33mInternalServerErrorException\u001b[39m(\u001b[32m'Không thể tìm người dùng'\u001b[39m)\u001b[33m;\u001b[39m\n     \u001b[90m     |\u001b[39m             \u001b[31m\u001b[1m^\u001b[22m\u001b[39m\n     \u001b[90m 171 |\u001b[39m     }\n     \u001b[90m 172 |\u001b[39m   }\n     \u001b[90m 173 |\u001b[39m\u001b[0m\n\n      \u001b[2mat UsersService.findOneById (\u001b[22msrc/modules/users/users.service.ts\u001b[2m:170:13)\u001b[22m\n      \u001b[2mat Object.<anonymous> (\u001b[22msrc/modules/users/users.service.spec.ts\u001b[2m:106:7)\u001b[22m"
            }
          ],
          "failureMessages": [
            "Error: \u001b[2mexpect(\u001b[22m\u001b[31mreceived\u001b[39m\u001b[2m).\u001b[22mrejects\u001b[2m.\u001b[22mtoThrow\u001b[2m(\u001b[22m\u001b[32mexpected\u001b[39m\u001b[2m)\u001b[22m\n\nExpected constructor: \u001b[32mNotFoundException\u001b[39m\nReceived constructor: \u001b[31mInternalServerErrorException\u001b[39m\n\nReceived message: \u001b[31m\"Không thể tìm người dùng\"\u001b[39m\n\n    \u001b[0m \u001b[90m 168 |\u001b[39m     } \u001b[36mcatch\u001b[39m (error) {\n     \u001b[90m 169 |\u001b[39m       console\u001b[33m.\u001b[39merror(\u001b[32m`Lỗi khi tìm người dùng với ID ${id}:`\u001b[39m\u001b[33m,\u001b[39m error\u001b[33m.\u001b[39mmessage)\u001b[33m;\u001b[39m\n    \u001b[31m\u001b[1m>\u001b[22m\u001b[39m\u001b[90m 170 |\u001b[39m       \u001b[36mthrow\u001b[39m \u001b[36mnew\u001b[39m \u001b[33mInternalServerErrorException\u001b[39m(\u001b[32m'Không thể tìm người dùng'\u001b[39m)\u001b[33m;\u001b[39m\n     \u001b[90m     |\u001b[39m             \u001b[31m\u001b[1m^\u001b[22m\u001b[39m\n     \u001b[90m 171 |\u001b[39m     }\n     \u001b[90m 172 |\u001b[39m   }\n     \u001b[90m 173 |\u001b[39m\u001b[0m\n\n      \u001b[2mat UsersService.findOneById (\u001b[22msrc/modules/users/users.service.ts\u001b[2m:170:13)\u001b[22m\n      \u001b[2mat Object.<anonymous> (\u001b[22msrc/modules/users/users.service.spec.ts\u001b[2m:106:7)\u001b[22m\n    at Object.toThrow (D:\\SE100\\Project\\pj-02-mart-management-be\\node_modules\\expect\\build\\index.js:218:22)\n    at Object.<anonymous> (D:\\SE100\\Project\\pj-02-mart-management-be\\src\\modules\\users\\users.service.spec.ts:106:54)\n    at Promise.then.completed (D:\\SE100\\Project\\pj-02-mart-management-be\\node_modules\\jest-circus\\build\\utils.js:298:28)\n    at new Promise (<anonymous>)\n    at callAsyncCircusFn (D:\\SE100\\Project\\pj-02-mart-management-be\\node_modules\\jest-circus\\build\\utils.js:231:10)\n    at _callCircusTest (D:\\SE100\\Project\\pj-02-mart-management-be\\node_modules\\jest-circus\\build\\run.js:316:40)\n    at _runTest (D:\\SE100\\Project\\pj-02-mart-management-be\\node_modules\\jest-circus\\build\\run.js:252:3)\n    at _runTestsForDescribeBlock (D:\\SE100\\Project\\pj-02-mart-management-be\\node_modules\\jest-circus\\build\\run.js:126:9)\n    at _runTestsForDescribeBlock (D:\\SE100\\Project\\pj-02-mart-management-be\\node_modules\\jest-circus\\build\\run.js:121:9)\n    at _runTestsForDescribeBlock (D:\\SE100\\Project\\pj-02-mart-management-be\\node_modules\\jest-circus\\build\\run.js:121:9)\n    at run (D:\\SE100\\Project\\pj-02-mart-management-be\\node_modules\\jest-circus\\build\\run.js:71:3)\n    at runAndTransformResultsToJestFormat (D:\\SE100\\Project\\pj-02-mart-management-be\\node_modules\\jest-circus\\build\\legacy-code-todo-rewrite\\jestAdapterInit.js:122:21)\n    at jestAdapter (D:\\SE100\\Project\\pj-02-mart-management-be\\node_modules\\jest-circus\\build\\legacy-code-todo-rewrite\\jestAdapter.js:79:19)\n    at runTestInternal (D:\\SE100\\Project\\pj-02-mart-management-be\\node_modules\\jest-runner\\build\\runTest.js:367:16)\n    at runTest (D:\\SE100\\Project\\pj-02-mart-management-be\\node_modules\\jest-runner\\build\\runTest.js:444:34)\n    at Object.worker (D:\\SE100\\Project\\pj-02-mart-management-be\\node_modules\\jest-runner\\build\\testWorker.js:106:12)"
          ],
          "fullName": "UsersService findOneById should throw NotFoundException if user is not found",
          "invocations": 1,
          "location": null,
          "numPassingAsserts": 0,
          "retryReasons": [],
          "status": "failed",
          "title": "should throw NotFoundException if user is not found"
        },
        {
          "ancestorTitles": ["UsersService", "remove"],
          "duration": 9,
          "failureDetails": [],
          "failureMessages": [],
          "fullName": "UsersService remove should remove a user successfully",
          "invocations": 1,
          "location": null,
          "numPassingAsserts": 2,
          "retryReasons": [],
          "status": "passed",
          "title": "should remove a user successfully"
        }
      ],
      "endTime": 1733816552879,
      "message": "\u001b[1m\u001b[31m  \u001b[1m● \u001b[22m\u001b[1mUsersService › create › should throw ConflictException if email already exists\u001b[39m\u001b[22m\n\n    \u001b[2mexpect(\u001b[22m\u001b[31mreceived\u001b[39m\u001b[2m).\u001b[22mrejects\u001b[2m.\u001b[22mtoThrow\u001b[2m(\u001b[22m\u001b[32mexpected\u001b[39m\u001b[2m)\u001b[22m\n\n    Expected constructor: \u001b[32mConflictException\u001b[39m\n    Received constructor: \u001b[31mBadRequestException\u001b[39m\n\n    Received message: \u001b[31m\"Email đã tồn tại: user1@example.com\"\u001b[39m\n\n        \u001b[0m \u001b[90m 51 |\u001b[39m\n         \u001b[90m 52 |\u001b[39m       \u001b[36mif\u001b[39m (\u001b[36mawait\u001b[39m \u001b[36mthis\u001b[39m\u001b[33m.\u001b[39misEmailExist(email)) {\n        \u001b[31m\u001b[1m>\u001b[22m\u001b[39m\u001b[90m 53 |\u001b[39m         \u001b[36mthrow\u001b[39m \u001b[36mnew\u001b[39m \u001b[33mBadRequestException\u001b[39m(\u001b[32m`Email đã tồn tại: ${email}`\u001b[39m)\u001b[33m;\u001b[39m\n         \u001b[90m    |\u001b[39m               \u001b[31m\u001b[1m^\u001b[22m\u001b[39m\n         \u001b[90m 54 |\u001b[39m       }\n         \u001b[90m 55 |\u001b[39m\n         \u001b[90m 56 |\u001b[39m       \u001b[36mif\u001b[39m (\u001b[36mawait\u001b[39m \u001b[36mthis\u001b[39m\u001b[33m.\u001b[39misPhoneExist(phone)) {\u001b[0m\n\n          \u001b[2mat UsersService.create (\u001b[22msrc/modules/users/users.service.ts\u001b[2m:53:15)\u001b[22m\n          \u001b[2mat Object.<anonymous> (\u001b[22msrc/modules/users/users.service.spec.ts\u001b[2m:87:7)\u001b[22m\n\u001b[2m\u001b[22m\n\u001b[2m    \u001b[0m \u001b[90m 85 |\u001b[39m       mockRepository\u001b[33m.\u001b[39mfindOne\u001b[33m.\u001b[39mmockResolvedValue({ email\u001b[33m:\u001b[39m createUserDto\u001b[33m.\u001b[39memail })\u001b[33m;\u001b[39m\u001b[22m\n\u001b[2m     \u001b[90m 86 |\u001b[39m\u001b[22m\n\u001b[2m    \u001b[31m\u001b[1m>\u001b[22m\u001b[2m\u001b[39m\u001b[90m 87 |\u001b[39m       \u001b[36mawait\u001b[39m expect(service\u001b[33m.\u001b[39mcreate(createUserDto))\u001b[33m.\u001b[39mrejects\u001b[33m.\u001b[39mtoThrow(\u001b[22m\n\u001b[2m     \u001b[90m    |\u001b[39m                                                           \u001b[31m\u001b[1m^\u001b[22m\u001b[2m\u001b[39m\u001b[22m\n\u001b[2m     \u001b[90m 88 |\u001b[39m         \u001b[33mConflictException\u001b[39m\u001b[33m,\u001b[39m\u001b[22m\n\u001b[2m     \u001b[90m 89 |\u001b[39m       )\u001b[33m;\u001b[39m\u001b[22m\n\u001b[2m     \u001b[90m 90 |\u001b[39m     })\u001b[33m;\u001b[39m\u001b[0m\u001b[22m\n\u001b[2m\u001b[22m\n\u001b[2m      \u001b[2mat Object.toThrow (\u001b[22m\u001b[2m../node_modules/expect/build/index.js\u001b[2m:218:22)\u001b[22m\u001b[2m\u001b[22m\n\u001b[2m      \u001b[2mat Object.<anonymous> (\u001b[22m\u001b[2m\u001b[0m\u001b[36mmodules/users/users.service.spec.ts\u001b[39m\u001b[0m\u001b[2m:87:59)\u001b[22m\u001b[2m\u001b[22m\n\n\u001b[1m\u001b[31m  \u001b[1m● \u001b[22m\u001b[1mUsersService › findOneById › should throw NotFoundException if user is not found\u001b[39m\u001b[22m\n\n    \u001b[2mexpect(\u001b[22m\u001b[31mreceived\u001b[39m\u001b[2m).\u001b[22mrejects\u001b[2m.\u001b[22mtoThrow\u001b[2m(\u001b[22m\u001b[32mexpected\u001b[39m\u001b[2m)\u001b[22m\n\n    Expected constructor: \u001b[32mNotFoundException\u001b[39m\n    Received constructor: \u001b[31mInternalServerErrorException\u001b[39m\n\n    Received message: \u001b[31m\"Không thể tìm người dùng\"\u001b[39m\n\n        \u001b[0m \u001b[90m 168 |\u001b[39m     } \u001b[36mcatch\u001b[39m (error) {\n         \u001b[90m 169 |\u001b[39m       console\u001b[33m.\u001b[39merror(\u001b[32m`Lỗi khi tìm người dùng với ID ${id}:`\u001b[39m\u001b[33m,\u001b[39m error\u001b[33m.\u001b[39mmessage)\u001b[33m;\u001b[39m\n        \u001b[31m\u001b[1m>\u001b[22m\u001b[39m\u001b[90m 170 |\u001b[39m       \u001b[36mthrow\u001b[39m \u001b[36mnew\u001b[39m \u001b[33mInternalServerErrorException\u001b[39m(\u001b[32m'Không thể tìm người dùng'\u001b[39m)\u001b[33m;\u001b[39m\n         \u001b[90m     |\u001b[39m             \u001b[31m\u001b[1m^\u001b[22m\u001b[39m\n         \u001b[90m 171 |\u001b[39m     }\n         \u001b[90m 172 |\u001b[39m   }\n         \u001b[90m 173 |\u001b[39m\u001b[0m\n\n          \u001b[2mat UsersService.findOneById (\u001b[22msrc/modules/users/users.service.ts\u001b[2m:170:13)\u001b[22m\n          \u001b[2mat Object.<anonymous> (\u001b[22msrc/modules/users/users.service.spec.ts\u001b[2m:106:7)\u001b[22m\n\u001b[2m\u001b[22m\n\u001b[2m    \u001b[0m \u001b[90m 104 |\u001b[39m       mockRepository\u001b[33m.\u001b[39mfindOne\u001b[33m.\u001b[39mmockResolvedValue(\u001b[36mnull\u001b[39m)\u001b[33m;\u001b[39m\u001b[22m\n\u001b[2m     \u001b[90m 105 |\u001b[39m\u001b[22m\n\u001b[2m    \u001b[31m\u001b[1m>\u001b[22m\u001b[2m\u001b[39m\u001b[90m 106 |\u001b[39m       \u001b[36mawait\u001b[39m expect(service\u001b[33m.\u001b[39mfindOneById(\u001b[35m999\u001b[39m))\u001b[33m.\u001b[39mrejects\u001b[33m.\u001b[39mtoThrow(\u001b[33mNotFoundException\u001b[39m)\u001b[33m;\u001b[39m\u001b[22m\n\u001b[2m     \u001b[90m     |\u001b[39m                                                      \u001b[31m\u001b[1m^\u001b[22m\u001b[2m\u001b[39m\u001b[22m\n\u001b[2m     \u001b[90m 107 |\u001b[39m     })\u001b[33m;\u001b[39m\u001b[22m\n\u001b[2m     \u001b[90m 108 |\u001b[39m   })\u001b[33m;\u001b[39m\u001b[22m\n\u001b[2m     \u001b[90m 109 |\u001b[39m\u001b[0m\u001b[22m\n\u001b[2m\u001b[22m\n\u001b[2m      \u001b[2mat Object.toThrow (\u001b[22m\u001b[2m../node_modules/expect/build/index.js\u001b[2m:218:22)\u001b[22m\u001b[2m\u001b[22m\n\u001b[2m      \u001b[2mat Object.<anonymous> (\u001b[22m\u001b[2m\u001b[0m\u001b[36mmodules/users/users.service.spec.ts\u001b[39m\u001b[0m\u001b[2m:106:54)\u001b[22m\u001b[2m\u001b[22m\n",
      "name": "D:\\SE100\\Project\\pj-02-mart-management-be\\src\\modules\\users\\users.service.spec.ts",
      "startTime": 1733816535457,
      "status": "failed",
      "summary": ""
    },
    {
      "assertionResults": [
        {
          "ancestorTitles": ["UnitsService"],
          "duration": 208,
          "failureDetails": [],
          "failureMessages": [],
          "fullName": "UnitsService should be defined",
          "invocations": 1,
          "location": null,
          "numPassingAsserts": 1,
          "retryReasons": [],
          "status": "passed",
          "title": "should be defined"
        },
        {
          "ancestorTitles": ["UnitsService", "create"],
          "duration": 16,
          "failureDetails": [],
          "failureMessages": [],
          "fullName": "UnitsService create should create a unit successfully",
          "invocations": 1,
          "location": null,
          "numPassingAsserts": 3,
          "retryReasons": [],
          "status": "passed",
          "title": "should create a unit successfully"
        },
        {
          "ancestorTitles": ["UnitsService", "create"],
          "duration": 26,
          "failureDetails": [],
          "failureMessages": [],
          "fullName": "UnitsService create should throw ConflictException if unit name already exists",
          "invocations": 1,
          "location": null,
          "numPassingAsserts": 1,
          "retryReasons": [],
          "status": "passed",
          "title": "should throw ConflictException if unit name already exists"
        },
        {
          "ancestorTitles": ["UnitsService", "findAll"],
          "duration": 35,
          "failureDetails": [
            {
              "matcherResult": {
                "actual": {
                  "meta": {
                    "current": 1,
                    "pageSize": 10,
                    "pages": 0,
                    "total": 0
                  },
                  "results": []
                },
                "expected": { "meta": {}, "results": [] },
                "message": "\u001b[2mexpect(\u001b[22m\u001b[31mreceived\u001b[39m\u001b[2m).\u001b[22mtoEqual\u001b[2m(\u001b[22m\u001b[32mexpected\u001b[39m\u001b[2m) // deep equality\u001b[22m\n\n\u001b[32m- Expected  - 1\u001b[39m\n\u001b[31m+ Received  + 6\u001b[39m\n\n\u001b[2m  Object {\u001b[22m\n\u001b[32m-   \"meta\": Object {},\u001b[39m\n\u001b[31m+   \"meta\": Object {\u001b[39m\n\u001b[31m+     \"current\": 1,\u001b[39m\n\u001b[31m+     \"pageSize\": 10,\u001b[39m\n\u001b[31m+     \"pages\": 0,\u001b[39m\n\u001b[31m+     \"total\": 0,\u001b[39m\n\u001b[31m+   },\u001b[39m\n\u001b[2m    \"results\": Array [],\u001b[22m\n\u001b[2m  }\u001b[22m",
                "name": "toEqual",
                "pass": false
              }
            }
          ],
          "failureMessages": [
            "Error: \u001b[2mexpect(\u001b[22m\u001b[31mreceived\u001b[39m\u001b[2m).\u001b[22mtoEqual\u001b[2m(\u001b[22m\u001b[32mexpected\u001b[39m\u001b[2m) // deep equality\u001b[22m\n\n\u001b[32m- Expected  - 1\u001b[39m\n\u001b[31m+ Received  + 6\u001b[39m\n\n\u001b[2m  Object {\u001b[22m\n\u001b[32m-   \"meta\": Object {},\u001b[39m\n\u001b[31m+   \"meta\": Object {\u001b[39m\n\u001b[31m+     \"current\": 1,\u001b[39m\n\u001b[31m+     \"pageSize\": 10,\u001b[39m\n\u001b[31m+     \"pages\": 0,\u001b[39m\n\u001b[31m+     \"total\": 0,\u001b[39m\n\u001b[31m+   },\u001b[39m\n\u001b[2m    \"results\": Array [],\u001b[22m\n\u001b[2m  }\u001b[22m\n    at Object.<anonymous> (D:\\SE100\\Project\\pj-02-mart-management-be\\src\\modules\\units\\units.service.spec.ts:74:24)\n    at processTicksAndRejections (node:internal/process/task_queues:95:5)"
          ],
          "fullName": "UnitsService findAll should return all units",
          "invocations": 1,
          "location": null,
          "numPassingAsserts": 0,
          "retryReasons": [],
          "status": "failed",
          "title": "should return all units"
        },
        {
          "ancestorTitles": ["UnitsService", "findOne"],
          "duration": 22,
          "failureDetails": [],
          "failureMessages": [],
          "fullName": "UnitsService findOne should return a unit by ID",
          "invocations": 1,
          "location": null,
          "numPassingAsserts": 2,
          "retryReasons": [],
          "status": "passed",
          "title": "should return a unit by ID"
        },
        {
          "ancestorTitles": ["UnitsService", "findOne"],
          "duration": 4,
          "failureDetails": [],
          "failureMessages": [],
          "fullName": "UnitsService findOne should throw NotFoundException if unit is not found",
          "invocations": 1,
          "location": null,
          "numPassingAsserts": 1,
          "retryReasons": [],
          "status": "passed",
          "title": "should throw NotFoundException if unit is not found"
        },
        {
          "ancestorTitles": ["UnitsService", "update"],
          "duration": 5,
          "failureDetails": [],
          "failureMessages": [],
          "fullName": "UnitsService update should update a unit successfully",
          "invocations": 1,
          "location": null,
          "numPassingAsserts": 2,
          "retryReasons": [],
          "status": "passed",
          "title": "should update a unit successfully"
        },
        {
          "ancestorTitles": ["UnitsService", "update"],
          "duration": 6,
          "failureDetails": [],
          "failureMessages": [],
          "fullName": "UnitsService update should throw ConflictException if unit name already exists",
          "invocations": 1,
          "location": null,
          "numPassingAsserts": 1,
          "retryReasons": [],
          "status": "passed",
          "title": "should throw ConflictException if unit name already exists"
        },
        {
          "ancestorTitles": ["UnitsService", "remove"],
          "duration": 6,
          "failureDetails": [],
          "failureMessages": [],
          "fullName": "UnitsService remove should remove a unit successfully",
          "invocations": 1,
          "location": null,
          "numPassingAsserts": 2,
          "retryReasons": [],
          "status": "passed",
          "title": "should remove a unit successfully"
        },
        {
          "ancestorTitles": ["UnitsService", "remove"],
          "duration": 6,
          "failureDetails": [],
          "failureMessages": [],
          "fullName": "UnitsService remove should throw NotFoundException if unit is not found",
          "invocations": 1,
          "location": null,
          "numPassingAsserts": 1,
          "retryReasons": [],
          "status": "passed",
          "title": "should throw NotFoundException if unit is not found"
        }
      ],
      "endTime": 1733816553625,
      "message": "\u001b[1m\u001b[31m  \u001b[1m● \u001b[22m\u001b[1mUnitsService › findAll › should return all units\u001b[39m\u001b[22m\n\n    \u001b[2mexpect(\u001b[22m\u001b[31mreceived\u001b[39m\u001b[2m).\u001b[22mtoEqual\u001b[2m(\u001b[22m\u001b[32mexpected\u001b[39m\u001b[2m) // deep equality\u001b[22m\n\n    \u001b[32m- Expected  - 1\u001b[39m\n    \u001b[31m+ Received  + 6\u001b[39m\n\n    \u001b[2m  Object {\u001b[22m\n    \u001b[32m-   \"meta\": Object {},\u001b[39m\n    \u001b[31m+   \"meta\": Object {\u001b[39m\n    \u001b[31m+     \"current\": 1,\u001b[39m\n    \u001b[31m+     \"pageSize\": 10,\u001b[39m\n    \u001b[31m+     \"pages\": 0,\u001b[39m\n    \u001b[31m+     \"total\": 0,\u001b[39m\n    \u001b[31m+   },\u001b[39m\n    \u001b[2m    \"results\": Array [],\u001b[22m\n    \u001b[2m  }\u001b[22m\n\u001b[2m\u001b[22m\n\u001b[2m    \u001b[0m \u001b[90m 72 |\u001b[39m       \u001b[36mconst\u001b[39m response \u001b[33m=\u001b[39m \u001b[36mawait\u001b[39m service\u001b[33m.\u001b[39mfindAll(\u001b[32m''\u001b[39m\u001b[33m,\u001b[39m \u001b[35m1\u001b[39m\u001b[33m,\u001b[39m \u001b[35m10\u001b[39m)\u001b[33m;\u001b[39m\u001b[22m\n\u001b[2m     \u001b[90m 73 |\u001b[39m\u001b[22m\n\u001b[2m    \u001b[31m\u001b[1m>\u001b[22m\u001b[2m\u001b[39m\u001b[90m 74 |\u001b[39m       expect(response)\u001b[33m.\u001b[39mtoEqual(result)\u001b[33m;\u001b[39m\u001b[22m\n\u001b[2m     \u001b[90m    |\u001b[39m                        \u001b[31m\u001b[1m^\u001b[22m\u001b[2m\u001b[39m\u001b[22m\n\u001b[2m     \u001b[90m 75 |\u001b[39m       expect(mockRepository\u001b[33m.\u001b[39mfind)\u001b[33m.\u001b[39mtoHaveBeenCalled()\u001b[33m;\u001b[39m\u001b[22m\n\u001b[2m     \u001b[90m 76 |\u001b[39m     })\u001b[33m;\u001b[39m\u001b[22m\n\u001b[2m     \u001b[90m 77 |\u001b[39m   })\u001b[33m;\u001b[39m\u001b[0m\u001b[22m\n\u001b[2m\u001b[22m\n\u001b[2m      \u001b[2mat Object.<anonymous> (\u001b[22m\u001b[2m\u001b[0m\u001b[36mmodules/units/units.service.spec.ts\u001b[39m\u001b[0m\u001b[2m:74:24)\u001b[22m\u001b[2m\u001b[22m\n",
      "name": "D:\\SE100\\Project\\pj-02-mart-management-be\\src\\modules\\units\\units.service.spec.ts",
      "startTime": 1733816535809,
      "status": "failed",
      "summary": ""
    },
    {
      "assertionResults": [
        {
          "ancestorTitles": ["SuppliersService"],
          "duration": 132,
          "failureDetails": [],
          "failureMessages": [],
          "fullName": "SuppliersService should be defined",
          "invocations": 1,
          "location": null,
          "numPassingAsserts": 1,
          "retryReasons": [],
          "status": "passed",
          "title": "should be defined"
        },
        {
          "ancestorTitles": ["SuppliersService", "create"],
          "duration": 35,
          "failureDetails": [
            {
              "response": {
                "message": "Không thể tạo nhà cung cấp, vui lòng thử lại sau.",
                "error": "Internal Server Error",
                "statusCode": 500
              },
              "status": 500,
              "options": {},
              "message": "Không thể tạo nhà cung cấp, vui lòng thử lại sau.",
              "name": "InternalServerErrorException"
            }
          ],
          "failureMessages": [
            "InternalServerErrorException: Không thể tạo nhà cung cấp, vui lòng thử lại sau.\n    at SuppliersService.create (D:\\SE100\\Project\\pj-02-mart-management-be\\src\\modules\\suppliers\\suppliers.service.ts:105:13)\n    at processTicksAndRejections (node:internal/process/task_queues:95:5)\n    at Object.<anonymous> (D:\\SE100\\Project\\pj-02-mart-management-be\\src\\modules\\suppliers\\suppliers.service.spec.ts:85:22)"
          ],
          "fullName": "SuppliersService create should create a supplier successfully",
          "invocations": 1,
          "location": null,
          "numPassingAsserts": 0,
          "retryReasons": [],
          "status": "failed",
          "title": "should create a supplier successfully"
        },
        {
          "ancestorTitles": ["SuppliersService", "create"],
          "duration": 86,
          "failureDetails": [
            {
              "matcherResult": {
                "message": "\u001b[2mexpect(\u001b[22m\u001b[31mreceived\u001b[39m\u001b[2m).\u001b[22mrejects\u001b[2m.\u001b[22mtoThrow\u001b[2m(\u001b[22m\u001b[32mexpected\u001b[39m\u001b[2m)\u001b[22m\n\nExpected constructor: \u001b[32mConflictException\u001b[39m\nReceived constructor: \u001b[31mInternalServerErrorException\u001b[39m\n\nReceived message: \u001b[31m\"Không thể tạo nhà cung cấp, vui lòng thử lại sau.\"\u001b[39m\n\n    \u001b[0m \u001b[90m 103 |\u001b[39m     } \u001b[36mcatch\u001b[39m (error) {\n     \u001b[90m 104 |\u001b[39m       console\u001b[33m.\u001b[39merror(\u001b[32m'Lỗi khi tạo nhà cung cấp:'\u001b[39m\u001b[33m,\u001b[39m error\u001b[33m.\u001b[39mmessage)\u001b[33m;\u001b[39m\n    \u001b[31m\u001b[1m>\u001b[22m\u001b[39m\u001b[90m 105 |\u001b[39m       \u001b[36mthrow\u001b[39m \u001b[36mnew\u001b[39m \u001b[33mInternalServerErrorException\u001b[39m(\n     \u001b[90m     |\u001b[39m             \u001b[31m\u001b[1m^\u001b[22m\u001b[39m\n     \u001b[90m 106 |\u001b[39m         \u001b[32m'Không thể tạo nhà cung cấp, vui lòng thử lại sau.'\u001b[39m\u001b[33m,\u001b[39m\n     \u001b[90m 107 |\u001b[39m       )\u001b[33m;\u001b[39m\n     \u001b[90m 108 |\u001b[39m     }\u001b[0m\n\n      \u001b[2mat SuppliersService.create (\u001b[22msrc/modules/suppliers/suppliers.service.ts\u001b[2m:105:13)\u001b[22m\n      \u001b[2mat Object.<anonymous> (\u001b[22msrc/modules/suppliers/suppliers.service.spec.ts\u001b[2m:102:7)\u001b[22m",
                "pass": false
              },
              "message": "\u001b[2mexpect(\u001b[22m\u001b[31mreceived\u001b[39m\u001b[2m).\u001b[22mrejects\u001b[2m.\u001b[22mtoThrow\u001b[2m(\u001b[22m\u001b[32mexpected\u001b[39m\u001b[2m)\u001b[22m\n\nExpected constructor: \u001b[32mConflictException\u001b[39m\nReceived constructor: \u001b[31mInternalServerErrorException\u001b[39m\n\nReceived message: \u001b[31m\"Không thể tạo nhà cung cấp, vui lòng thử lại sau.\"\u001b[39m\n\n    \u001b[0m \u001b[90m 103 |\u001b[39m     } \u001b[36mcatch\u001b[39m (error) {\n     \u001b[90m 104 |\u001b[39m       console\u001b[33m.\u001b[39merror(\u001b[32m'Lỗi khi tạo nhà cung cấp:'\u001b[39m\u001b[33m,\u001b[39m error\u001b[33m.\u001b[39mmessage)\u001b[33m;\u001b[39m\n    \u001b[31m\u001b[1m>\u001b[22m\u001b[39m\u001b[90m 105 |\u001b[39m       \u001b[36mthrow\u001b[39m \u001b[36mnew\u001b[39m \u001b[33mInternalServerErrorException\u001b[39m(\n     \u001b[90m     |\u001b[39m             \u001b[31m\u001b[1m^\u001b[22m\u001b[39m\n     \u001b[90m 106 |\u001b[39m         \u001b[32m'Không thể tạo nhà cung cấp, vui lòng thử lại sau.'\u001b[39m\u001b[33m,\u001b[39m\n     \u001b[90m 107 |\u001b[39m       )\u001b[33m;\u001b[39m\n     \u001b[90m 108 |\u001b[39m     }\u001b[0m\n\n      \u001b[2mat SuppliersService.create (\u001b[22msrc/modules/suppliers/suppliers.service.ts\u001b[2m:105:13)\u001b[22m\n      \u001b[2mat Object.<anonymous> (\u001b[22msrc/modules/suppliers/suppliers.service.spec.ts\u001b[2m:102:7)\u001b[22m"
            }
          ],
          "failureMessages": [
            "Error: \u001b[2mexpect(\u001b[22m\u001b[31mreceived\u001b[39m\u001b[2m).\u001b[22mrejects\u001b[2m.\u001b[22mtoThrow\u001b[2m(\u001b[22m\u001b[32mexpected\u001b[39m\u001b[2m)\u001b[22m\n\nExpected constructor: \u001b[32mConflictException\u001b[39m\nReceived constructor: \u001b[31mInternalServerErrorException\u001b[39m\n\nReceived message: \u001b[31m\"Không thể tạo nhà cung cấp, vui lòng thử lại sau.\"\u001b[39m\n\n    \u001b[0m \u001b[90m 103 |\u001b[39m     } \u001b[36mcatch\u001b[39m (error) {\n     \u001b[90m 104 |\u001b[39m       console\u001b[33m.\u001b[39merror(\u001b[32m'Lỗi khi tạo nhà cung cấp:'\u001b[39m\u001b[33m,\u001b[39m error\u001b[33m.\u001b[39mmessage)\u001b[33m;\u001b[39m\n    \u001b[31m\u001b[1m>\u001b[22m\u001b[39m\u001b[90m 105 |\u001b[39m       \u001b[36mthrow\u001b[39m \u001b[36mnew\u001b[39m \u001b[33mInternalServerErrorException\u001b[39m(\n     \u001b[90m     |\u001b[39m             \u001b[31m\u001b[1m^\u001b[22m\u001b[39m\n     \u001b[90m 106 |\u001b[39m         \u001b[32m'Không thể tạo nhà cung cấp, vui lòng thử lại sau.'\u001b[39m\u001b[33m,\u001b[39m\n     \u001b[90m 107 |\u001b[39m       )\u001b[33m;\u001b[39m\n     \u001b[90m 108 |\u001b[39m     }\u001b[0m\n\n      \u001b[2mat SuppliersService.create (\u001b[22msrc/modules/suppliers/suppliers.service.ts\u001b[2m:105:13)\u001b[22m\n      \u001b[2mat Object.<anonymous> (\u001b[22msrc/modules/suppliers/suppliers.service.spec.ts\u001b[2m:102:7)\u001b[22m\n    at Object.toThrow (D:\\SE100\\Project\\pj-02-mart-management-be\\node_modules\\expect\\build\\index.js:218:22)\n    at Object.<anonymous> (D:\\SE100\\Project\\pj-02-mart-management-be\\src\\modules\\suppliers\\suppliers.service.spec.ts:102:63)\n    at Promise.then.completed (D:\\SE100\\Project\\pj-02-mart-management-be\\node_modules\\jest-circus\\build\\utils.js:298:28)\n    at new Promise (<anonymous>)\n    at callAsyncCircusFn (D:\\SE100\\Project\\pj-02-mart-management-be\\node_modules\\jest-circus\\build\\utils.js:231:10)\n    at _callCircusTest (D:\\SE100\\Project\\pj-02-mart-management-be\\node_modules\\jest-circus\\build\\run.js:316:40)\n    at processTicksAndRejections (node:internal/process/task_queues:95:5)\n    at _runTest (D:\\SE100\\Project\\pj-02-mart-management-be\\node_modules\\jest-circus\\build\\run.js:252:3)\n    at _runTestsForDescribeBlock (D:\\SE100\\Project\\pj-02-mart-management-be\\node_modules\\jest-circus\\build\\run.js:126:9)\n    at _runTestsForDescribeBlock (D:\\SE100\\Project\\pj-02-mart-management-be\\node_modules\\jest-circus\\build\\run.js:121:9)\n    at _runTestsForDescribeBlock (D:\\SE100\\Project\\pj-02-mart-management-be\\node_modules\\jest-circus\\build\\run.js:121:9)\n    at run (D:\\SE100\\Project\\pj-02-mart-management-be\\node_modules\\jest-circus\\build\\run.js:71:3)\n    at runAndTransformResultsToJestFormat (D:\\SE100\\Project\\pj-02-mart-management-be\\node_modules\\jest-circus\\build\\legacy-code-todo-rewrite\\jestAdapterInit.js:122:21)\n    at jestAdapter (D:\\SE100\\Project\\pj-02-mart-management-be\\node_modules\\jest-circus\\build\\legacy-code-todo-rewrite\\jestAdapter.js:79:19)\n    at runTestInternal (D:\\SE100\\Project\\pj-02-mart-management-be\\node_modules\\jest-runner\\build\\runTest.js:367:16)\n    at runTest (D:\\SE100\\Project\\pj-02-mart-management-be\\node_modules\\jest-runner\\build\\runTest.js:444:34)\n    at Object.worker (D:\\SE100\\Project\\pj-02-mart-management-be\\node_modules\\jest-runner\\build\\testWorker.js:106:12)"
          ],
          "fullName": "SuppliersService create should throw ConflictException if supplier name already exists",
          "invocations": 1,
          "location": null,
          "numPassingAsserts": 0,
          "retryReasons": [],
          "status": "failed",
          "title": "should throw ConflictException if supplier name already exists"
        },
        {
          "ancestorTitles": ["SuppliersService", "findOne"],
          "duration": 21,
          "failureDetails": [],
          "failureMessages": [],
          "fullName": "SuppliersService findOne should return a supplier by ID",
          "invocations": 1,
          "location": null,
          "numPassingAsserts": 1,
          "retryReasons": [],
          "status": "passed",
          "title": "should return a supplier by ID"
        },
        {
          "ancestorTitles": ["SuppliersService", "findOne"],
          "duration": 47,
          "failureDetails": [
            {
              "matcherResult": {
                "message": "\u001b[2mexpect(\u001b[22m\u001b[31mreceived\u001b[39m\u001b[2m).\u001b[22mrejects\u001b[2m.\u001b[22mtoThrow\u001b[2m(\u001b[22m\u001b[32mexpected\u001b[39m\u001b[2m)\u001b[22m\n\nExpected constructor: \u001b[32mNotFoundException\u001b[39m\nReceived constructor: \u001b[31mInternalServerErrorException\u001b[39m\n\nReceived message: \u001b[31m\"Không thể truy xuất dữ liệu nhà cung cấp, vui lòng thử lại sau.\"\u001b[39m\n\n    \u001b[0m \u001b[90m 170 |\u001b[39m     } \u001b[36mcatch\u001b[39m (error) {\n     \u001b[90m 171 |\u001b[39m       console\u001b[33m.\u001b[39merror(\u001b[32m`Lỗi khi tìm nhà cung cấp với id: ${id}`\u001b[39m\u001b[33m,\u001b[39m error\u001b[33m.\u001b[39mmessage)\u001b[33m;\u001b[39m\n    \u001b[31m\u001b[1m>\u001b[22m\u001b[39m\u001b[90m 172 |\u001b[39m       \u001b[36mthrow\u001b[39m \u001b[36mnew\u001b[39m \u001b[33mInternalServerErrorException\u001b[39m(\n     \u001b[90m     |\u001b[39m             \u001b[31m\u001b[1m^\u001b[22m\u001b[39m\n     \u001b[90m 173 |\u001b[39m         \u001b[32m'Không thể truy xuất dữ liệu nhà cung cấp, vui lòng thử lại sau.'\u001b[39m\u001b[33m,\u001b[39m\n     \u001b[90m 174 |\u001b[39m       )\u001b[33m;\u001b[39m\n     \u001b[90m 175 |\u001b[39m     }\u001b[0m\n\n      \u001b[2mat SuppliersService.findOne (\u001b[22msrc/modules/suppliers/suppliers.service.ts\u001b[2m:172:13)\u001b[22m\n      \u001b[2mat Object.<anonymous> (\u001b[22msrc/modules/suppliers/suppliers.service.spec.ts\u001b[2m:121:7)\u001b[22m",
                "pass": false
              },
              "message": "\u001b[2mexpect(\u001b[22m\u001b[31mreceived\u001b[39m\u001b[2m).\u001b[22mrejects\u001b[2m.\u001b[22mtoThrow\u001b[2m(\u001b[22m\u001b[32mexpected\u001b[39m\u001b[2m)\u001b[22m\n\nExpected constructor: \u001b[32mNotFoundException\u001b[39m\nReceived constructor: \u001b[31mInternalServerErrorException\u001b[39m\n\nReceived message: \u001b[31m\"Không thể truy xuất dữ liệu nhà cung cấp, vui lòng thử lại sau.\"\u001b[39m\n\n    \u001b[0m \u001b[90m 170 |\u001b[39m     } \u001b[36mcatch\u001b[39m (error) {\n     \u001b[90m 171 |\u001b[39m       console\u001b[33m.\u001b[39merror(\u001b[32m`Lỗi khi tìm nhà cung cấp với id: ${id}`\u001b[39m\u001b[33m,\u001b[39m error\u001b[33m.\u001b[39mmessage)\u001b[33m;\u001b[39m\n    \u001b[31m\u001b[1m>\u001b[22m\u001b[39m\u001b[90m 172 |\u001b[39m       \u001b[36mthrow\u001b[39m \u001b[36mnew\u001b[39m \u001b[33mInternalServerErrorException\u001b[39m(\n     \u001b[90m     |\u001b[39m             \u001b[31m\u001b[1m^\u001b[22m\u001b[39m\n     \u001b[90m 173 |\u001b[39m         \u001b[32m'Không thể truy xuất dữ liệu nhà cung cấp, vui lòng thử lại sau.'\u001b[39m\u001b[33m,\u001b[39m\n     \u001b[90m 174 |\u001b[39m       )\u001b[33m;\u001b[39m\n     \u001b[90m 175 |\u001b[39m     }\u001b[0m\n\n      \u001b[2mat SuppliersService.findOne (\u001b[22msrc/modules/suppliers/suppliers.service.ts\u001b[2m:172:13)\u001b[22m\n      \u001b[2mat Object.<anonymous> (\u001b[22msrc/modules/suppliers/suppliers.service.spec.ts\u001b[2m:121:7)\u001b[22m"
            }
          ],
          "failureMessages": [
            "Error: \u001b[2mexpect(\u001b[22m\u001b[31mreceived\u001b[39m\u001b[2m).\u001b[22mrejects\u001b[2m.\u001b[22mtoThrow\u001b[2m(\u001b[22m\u001b[32mexpected\u001b[39m\u001b[2m)\u001b[22m\n\nExpected constructor: \u001b[32mNotFoundException\u001b[39m\nReceived constructor: \u001b[31mInternalServerErrorException\u001b[39m\n\nReceived message: \u001b[31m\"Không thể truy xuất dữ liệu nhà cung cấp, vui lòng thử lại sau.\"\u001b[39m\n\n    \u001b[0m \u001b[90m 170 |\u001b[39m     } \u001b[36mcatch\u001b[39m (error) {\n     \u001b[90m 171 |\u001b[39m       console\u001b[33m.\u001b[39merror(\u001b[32m`Lỗi khi tìm nhà cung cấp với id: ${id}`\u001b[39m\u001b[33m,\u001b[39m error\u001b[33m.\u001b[39mmessage)\u001b[33m;\u001b[39m\n    \u001b[31m\u001b[1m>\u001b[22m\u001b[39m\u001b[90m 172 |\u001b[39m       \u001b[36mthrow\u001b[39m \u001b[36mnew\u001b[39m \u001b[33mInternalServerErrorException\u001b[39m(\n     \u001b[90m     |\u001b[39m             \u001b[31m\u001b[1m^\u001b[22m\u001b[39m\n     \u001b[90m 173 |\u001b[39m         \u001b[32m'Không thể truy xuất dữ liệu nhà cung cấp, vui lòng thử lại sau.'\u001b[39m\u001b[33m,\u001b[39m\n     \u001b[90m 174 |\u001b[39m       )\u001b[33m;\u001b[39m\n     \u001b[90m 175 |\u001b[39m     }\u001b[0m\n\n      \u001b[2mat SuppliersService.findOne (\u001b[22msrc/modules/suppliers/suppliers.service.ts\u001b[2m:172:13)\u001b[22m\n      \u001b[2mat Object.<anonymous> (\u001b[22msrc/modules/suppliers/suppliers.service.spec.ts\u001b[2m:121:7)\u001b[22m\n    at Object.toThrow (D:\\SE100\\Project\\pj-02-mart-management-be\\node_modules\\expect\\build\\index.js:218:22)\n    at Object.<anonymous> (D:\\SE100\\Project\\pj-02-mart-management-be\\src\\modules\\suppliers\\suppliers.service.spec.ts:121:50)\n    at Promise.then.completed (D:\\SE100\\Project\\pj-02-mart-management-be\\node_modules\\jest-circus\\build\\utils.js:298:28)\n    at new Promise (<anonymous>)\n    at callAsyncCircusFn (D:\\SE100\\Project\\pj-02-mart-management-be\\node_modules\\jest-circus\\build\\utils.js:231:10)\n    at _callCircusTest (D:\\SE100\\Project\\pj-02-mart-management-be\\node_modules\\jest-circus\\build\\run.js:316:40)\n    at processTicksAndRejections (node:internal/process/task_queues:95:5)\n    at _runTest (D:\\SE100\\Project\\pj-02-mart-management-be\\node_modules\\jest-circus\\build\\run.js:252:3)\n    at _runTestsForDescribeBlock (D:\\SE100\\Project\\pj-02-mart-management-be\\node_modules\\jest-circus\\build\\run.js:126:9)\n    at _runTestsForDescribeBlock (D:\\SE100\\Project\\pj-02-mart-management-be\\node_modules\\jest-circus\\build\\run.js:121:9)\n    at _runTestsForDescribeBlock (D:\\SE100\\Project\\pj-02-mart-management-be\\node_modules\\jest-circus\\build\\run.js:121:9)\n    at run (D:\\SE100\\Project\\pj-02-mart-management-be\\node_modules\\jest-circus\\build\\run.js:71:3)\n    at runAndTransformResultsToJestFormat (D:\\SE100\\Project\\pj-02-mart-management-be\\node_modules\\jest-circus\\build\\legacy-code-todo-rewrite\\jestAdapterInit.js:122:21)\n    at jestAdapter (D:\\SE100\\Project\\pj-02-mart-management-be\\node_modules\\jest-circus\\build\\legacy-code-todo-rewrite\\jestAdapter.js:79:19)\n    at runTestInternal (D:\\SE100\\Project\\pj-02-mart-management-be\\node_modules\\jest-runner\\build\\runTest.js:367:16)\n    at runTest (D:\\SE100\\Project\\pj-02-mart-management-be\\node_modules\\jest-runner\\build\\runTest.js:444:34)\n    at Object.worker (D:\\SE100\\Project\\pj-02-mart-management-be\\node_modules\\jest-runner\\build\\testWorker.js:106:12)"
          ],
          "fullName": "SuppliersService findOne should throw NotFoundException if supplier is not found",
          "invocations": 1,
          "location": null,
          "numPassingAsserts": 0,
          "retryReasons": [],
          "status": "failed",
          "title": "should throw NotFoundException if supplier is not found"
        },
        {
          "ancestorTitles": ["SuppliersService", "remove"],
          "duration": 6,
          "failureDetails": [],
          "failureMessages": [],
          "fullName": "SuppliersService remove should remove a supplier successfully",
          "invocations": 1,
          "location": null,
          "numPassingAsserts": 2,
          "retryReasons": [],
          "status": "passed",
          "title": "should remove a supplier successfully"
        }
      ],
      "endTime": 1733816553779,
      "message": "\u001b[1m\u001b[31m  \u001b[1m● \u001b[22m\u001b[1mSuppliersService › create › should create a supplier successfully\u001b[39m\u001b[22m\n\n    InternalServerErrorException: Không thể tạo nhà cung cấp, vui lòng thử lại sau.\n\u001b[2m\u001b[22m\n\u001b[2m    \u001b[0m \u001b[90m 103 |\u001b[39m     } \u001b[36mcatch\u001b[39m (error) {\u001b[22m\n\u001b[2m     \u001b[90m 104 |\u001b[39m       console\u001b[33m.\u001b[39merror(\u001b[32m'Lỗi khi tạo nhà cung cấp:'\u001b[39m\u001b[33m,\u001b[39m error\u001b[33m.\u001b[39mmessage)\u001b[33m;\u001b[39m\u001b[22m\n\u001b[2m    \u001b[31m\u001b[1m>\u001b[22m\u001b[2m\u001b[39m\u001b[90m 105 |\u001b[39m       \u001b[36mthrow\u001b[39m \u001b[36mnew\u001b[39m \u001b[33mInternalServerErrorException\u001b[39m(\u001b[22m\n\u001b[2m     \u001b[90m     |\u001b[39m             \u001b[31m\u001b[1m^\u001b[22m\u001b[2m\u001b[39m\u001b[22m\n\u001b[2m     \u001b[90m 106 |\u001b[39m         \u001b[32m'Không thể tạo nhà cung cấp, vui lòng thử lại sau.'\u001b[39m\u001b[33m,\u001b[39m\u001b[22m\n\u001b[2m     \u001b[90m 107 |\u001b[39m       )\u001b[33m;\u001b[39m\u001b[22m\n\u001b[2m     \u001b[90m 108 |\u001b[39m     }\u001b[0m\u001b[22m\n\u001b[2m\u001b[22m\n\u001b[2m      \u001b[2mat SuppliersService.create (\u001b[22m\u001b[2mmodules/suppliers/suppliers.service.ts\u001b[2m:105:13)\u001b[22m\u001b[2m\u001b[22m\n\u001b[2m      \u001b[2mat Object.<anonymous> (\u001b[22m\u001b[2m\u001b[0m\u001b[36mmodules/suppliers/suppliers.service.spec.ts\u001b[39m\u001b[0m\u001b[2m:85:22)\u001b[22m\u001b[2m\u001b[22m\n\n\u001b[1m\u001b[31m  \u001b[1m● \u001b[22m\u001b[1mSuppliersService › create › should throw ConflictException if supplier name already exists\u001b[39m\u001b[22m\n\n    \u001b[2mexpect(\u001b[22m\u001b[31mreceived\u001b[39m\u001b[2m).\u001b[22mrejects\u001b[2m.\u001b[22mtoThrow\u001b[2m(\u001b[22m\u001b[32mexpected\u001b[39m\u001b[2m)\u001b[22m\n\n    Expected constructor: \u001b[32mConflictException\u001b[39m\n    Received constructor: \u001b[31mInternalServerErrorException\u001b[39m\n\n    Received message: \u001b[31m\"Không thể tạo nhà cung cấp, vui lòng thử lại sau.\"\u001b[39m\n\n        \u001b[0m \u001b[90m 103 |\u001b[39m     } \u001b[36mcatch\u001b[39m (error) {\n         \u001b[90m 104 |\u001b[39m       console\u001b[33m.\u001b[39merror(\u001b[32m'Lỗi khi tạo nhà cung cấp:'\u001b[39m\u001b[33m,\u001b[39m error\u001b[33m.\u001b[39mmessage)\u001b[33m;\u001b[39m\n        \u001b[31m\u001b[1m>\u001b[22m\u001b[39m\u001b[90m 105 |\u001b[39m       \u001b[36mthrow\u001b[39m \u001b[36mnew\u001b[39m \u001b[33mInternalServerErrorException\u001b[39m(\n         \u001b[90m     |\u001b[39m             \u001b[31m\u001b[1m^\u001b[22m\u001b[39m\n         \u001b[90m 106 |\u001b[39m         \u001b[32m'Không thể tạo nhà cung cấp, vui lòng thử lại sau.'\u001b[39m\u001b[33m,\u001b[39m\n         \u001b[90m 107 |\u001b[39m       )\u001b[33m;\u001b[39m\n         \u001b[90m 108 |\u001b[39m     }\u001b[0m\n\n          \u001b[2mat SuppliersService.create (\u001b[22msrc/modules/suppliers/suppliers.service.ts\u001b[2m:105:13)\u001b[22m\n          \u001b[2mat Object.<anonymous> (\u001b[22msrc/modules/suppliers/suppliers.service.spec.ts\u001b[2m:102:7)\u001b[22m\n\u001b[2m\u001b[22m\n\u001b[2m    \u001b[0m \u001b[90m 100 |\u001b[39m       mockSupplierRepository\u001b[33m.\u001b[39mfindOne\u001b[33m.\u001b[39mmockResolvedValue({ name\u001b[33m:\u001b[39m \u001b[32m'Supplier A'\u001b[39m })\u001b[33m;\u001b[39m\u001b[22m\n\u001b[2m     \u001b[90m 101 |\u001b[39m\u001b[22m\n\u001b[2m    \u001b[31m\u001b[1m>\u001b[22m\u001b[2m\u001b[39m\u001b[90m 102 |\u001b[39m       \u001b[36mawait\u001b[39m expect(service\u001b[33m.\u001b[39mcreate(createSupplierDto))\u001b[33m.\u001b[39mrejects\u001b[33m.\u001b[39mtoThrow(\u001b[22m\n\u001b[2m     \u001b[90m     |\u001b[39m                                                               \u001b[31m\u001b[1m^\u001b[22m\u001b[2m\u001b[39m\u001b[22m\n\u001b[2m     \u001b[90m 103 |\u001b[39m         \u001b[33mConflictException\u001b[39m\u001b[33m,\u001b[39m\u001b[22m\n\u001b[2m     \u001b[90m 104 |\u001b[39m       )\u001b[33m;\u001b[39m\u001b[22m\n\u001b[2m     \u001b[90m 105 |\u001b[39m     })\u001b[33m;\u001b[39m\u001b[0m\u001b[22m\n\u001b[2m\u001b[22m\n\u001b[2m      \u001b[2mat Object.toThrow (\u001b[22m\u001b[2m../node_modules/expect/build/index.js\u001b[2m:218:22)\u001b[22m\u001b[2m\u001b[22m\n\u001b[2m      \u001b[2mat Object.<anonymous> (\u001b[22m\u001b[2m\u001b[0m\u001b[36mmodules/suppliers/suppliers.service.spec.ts\u001b[39m\u001b[0m\u001b[2m:102:63)\u001b[22m\u001b[2m\u001b[22m\n\n\u001b[1m\u001b[31m  \u001b[1m● \u001b[22m\u001b[1mSuppliersService › findOne › should throw NotFoundException if supplier is not found\u001b[39m\u001b[22m\n\n    \u001b[2mexpect(\u001b[22m\u001b[31mreceived\u001b[39m\u001b[2m).\u001b[22mrejects\u001b[2m.\u001b[22mtoThrow\u001b[2m(\u001b[22m\u001b[32mexpected\u001b[39m\u001b[2m)\u001b[22m\n\n    Expected constructor: \u001b[32mNotFoundException\u001b[39m\n    Received constructor: \u001b[31mInternalServerErrorException\u001b[39m\n\n    Received message: \u001b[31m\"Không thể truy xuất dữ liệu nhà cung cấp, vui lòng thử lại sau.\"\u001b[39m\n\n        \u001b[0m \u001b[90m 170 |\u001b[39m     } \u001b[36mcatch\u001b[39m (error) {\n         \u001b[90m 171 |\u001b[39m       console\u001b[33m.\u001b[39merror(\u001b[32m`Lỗi khi tìm nhà cung cấp với id: ${id}`\u001b[39m\u001b[33m,\u001b[39m error\u001b[33m.\u001b[39mmessage)\u001b[33m;\u001b[39m\n        \u001b[31m\u001b[1m>\u001b[22m\u001b[39m\u001b[90m 172 |\u001b[39m       \u001b[36mthrow\u001b[39m \u001b[36mnew\u001b[39m \u001b[33mInternalServerErrorException\u001b[39m(\n         \u001b[90m     |\u001b[39m             \u001b[31m\u001b[1m^\u001b[22m\u001b[39m\n         \u001b[90m 173 |\u001b[39m         \u001b[32m'Không thể truy xuất dữ liệu nhà cung cấp, vui lòng thử lại sau.'\u001b[39m\u001b[33m,\u001b[39m\n         \u001b[90m 174 |\u001b[39m       )\u001b[33m;\u001b[39m\n         \u001b[90m 175 |\u001b[39m     }\u001b[0m\n\n          \u001b[2mat SuppliersService.findOne (\u001b[22msrc/modules/suppliers/suppliers.service.ts\u001b[2m:172:13)\u001b[22m\n          \u001b[2mat Object.<anonymous> (\u001b[22msrc/modules/suppliers/suppliers.service.spec.ts\u001b[2m:121:7)\u001b[22m\n\u001b[2m\u001b[22m\n\u001b[2m    \u001b[0m \u001b[90m 119 |\u001b[39m       mockSupplierRepository\u001b[33m.\u001b[39mfindOne\u001b[33m.\u001b[39mmockResolvedValue(\u001b[36mnull\u001b[39m)\u001b[33m;\u001b[39m\u001b[22m\n\u001b[2m     \u001b[90m 120 |\u001b[39m\u001b[22m\n\u001b[2m    \u001b[31m\u001b[1m>\u001b[22m\u001b[2m\u001b[39m\u001b[90m 121 |\u001b[39m       \u001b[36mawait\u001b[39m expect(service\u001b[33m.\u001b[39mfindOne(\u001b[35m999\u001b[39m))\u001b[33m.\u001b[39mrejects\u001b[33m.\u001b[39mtoThrow(\u001b[33mNotFoundException\u001b[39m)\u001b[33m;\u001b[39m\u001b[22m\n\u001b[2m     \u001b[90m     |\u001b[39m                                                  \u001b[31m\u001b[1m^\u001b[22m\u001b[2m\u001b[39m\u001b[22m\n\u001b[2m     \u001b[90m 122 |\u001b[39m     })\u001b[33m;\u001b[39m\u001b[22m\n\u001b[2m     \u001b[90m 123 |\u001b[39m   })\u001b[33m;\u001b[39m\u001b[22m\n\u001b[2m     \u001b[90m 124 |\u001b[39m\u001b[0m\u001b[22m\n\u001b[2m\u001b[22m\n\u001b[2m      \u001b[2mat Object.toThrow (\u001b[22m\u001b[2m../node_modules/expect/build/index.js\u001b[2m:218:22)\u001b[22m\u001b[2m\u001b[22m\n\u001b[2m      \u001b[2mat Object.<anonymous> (\u001b[22m\u001b[2m\u001b[0m\u001b[36mmodules/suppliers/suppliers.service.spec.ts\u001b[39m\u001b[0m\u001b[2m:121:50)\u001b[22m\u001b[2m\u001b[22m\n",
      "name": "D:\\SE100\\Project\\pj-02-mart-management-be\\src\\modules\\suppliers\\suppliers.service.spec.ts",
      "startTime": 1733816535591,
      "status": "failed",
      "summary": ""
    },
    {
      "assertionResults": [
        {
          "ancestorTitles": ["ParametersService"],
          "duration": 139,
          "failureDetails": [],
          "failureMessages": [],
          "fullName": "ParametersService should be defined",
          "invocations": 1,
          "location": null,
          "numPassingAsserts": 1,
          "retryReasons": [],
          "status": "passed",
          "title": "should be defined"
        },
        {
          "ancestorTitles": ["ParametersService", "create"],
          "duration": 97,
          "failureDetails": [],
          "failureMessages": [],
          "fullName": "ParametersService create should create a parameter successfully",
          "invocations": 1,
          "location": null,
          "numPassingAsserts": 3,
          "retryReasons": [],
          "status": "passed",
          "title": "should create a parameter successfully"
        },
        {
          "ancestorTitles": ["ParametersService", "create"],
          "duration": 186,
          "failureDetails": [
            {
              "matcherResult": {
                "message": "\u001b[2mexpect(\u001b[22m\u001b[31mreceived\u001b[39m\u001b[2m).\u001b[22mrejects\u001b[2m.\u001b[22mtoThrow\u001b[2m(\u001b[22m\u001b[32mexpected\u001b[39m\u001b[2m)\u001b[22m\n\nExpected constructor: \u001b[32mConflictException\u001b[39m\nReceived constructor: \u001b[31mInternalServerErrorException\u001b[39m\n\nReceived message: \u001b[31m\"Không thể tạo tham số, vui lòng thử lại sau.\"\u001b[39m\n\n    \u001b[0m \u001b[90m 32 |\u001b[39m     } \u001b[36mcatch\u001b[39m (error) {\n     \u001b[90m 33 |\u001b[39m       console\u001b[33m.\u001b[39merror(\u001b[32m'Lỗi khi tạo tham số:'\u001b[39m\u001b[33m,\u001b[39m error\u001b[33m.\u001b[39mmessage)\u001b[33m;\u001b[39m\n    \u001b[31m\u001b[1m>\u001b[22m\u001b[39m\u001b[90m 34 |\u001b[39m       \u001b[36mthrow\u001b[39m \u001b[36mnew\u001b[39m \u001b[33mInternalServerErrorException\u001b[39m(\n     \u001b[90m    |\u001b[39m             \u001b[31m\u001b[1m^\u001b[22m\u001b[39m\n     \u001b[90m 35 |\u001b[39m         \u001b[32m'Không thể tạo tham số, vui lòng thử lại sau.'\u001b[39m\u001b[33m,\u001b[39m\n     \u001b[90m 36 |\u001b[39m       )\u001b[33m;\u001b[39m\n     \u001b[90m 37 |\u001b[39m     }\u001b[0m\n\n      \u001b[2mat ParametersService.create (\u001b[22msrc/modules/parameters/parameters.service.ts\u001b[2m:34:13)\u001b[22m\n      \u001b[2mat Object.<anonymous> (\u001b[22msrc/modules/parameters/parameters.service.spec.ts\u001b[2m:74:7)\u001b[22m",
                "pass": false
              },
              "message": "\u001b[2mexpect(\u001b[22m\u001b[31mreceived\u001b[39m\u001b[2m).\u001b[22mrejects\u001b[2m.\u001b[22mtoThrow\u001b[2m(\u001b[22m\u001b[32mexpected\u001b[39m\u001b[2m)\u001b[22m\n\nExpected constructor: \u001b[32mConflictException\u001b[39m\nReceived constructor: \u001b[31mInternalServerErrorException\u001b[39m\n\nReceived message: \u001b[31m\"Không thể tạo tham số, vui lòng thử lại sau.\"\u001b[39m\n\n    \u001b[0m \u001b[90m 32 |\u001b[39m     } \u001b[36mcatch\u001b[39m (error) {\n     \u001b[90m 33 |\u001b[39m       console\u001b[33m.\u001b[39merror(\u001b[32m'Lỗi khi tạo tham số:'\u001b[39m\u001b[33m,\u001b[39m error\u001b[33m.\u001b[39mmessage)\u001b[33m;\u001b[39m\n    \u001b[31m\u001b[1m>\u001b[22m\u001b[39m\u001b[90m 34 |\u001b[39m       \u001b[36mthrow\u001b[39m \u001b[36mnew\u001b[39m \u001b[33mInternalServerErrorException\u001b[39m(\n     \u001b[90m    |\u001b[39m             \u001b[31m\u001b[1m^\u001b[22m\u001b[39m\n     \u001b[90m 35 |\u001b[39m         \u001b[32m'Không thể tạo tham số, vui lòng thử lại sau.'\u001b[39m\u001b[33m,\u001b[39m\n     \u001b[90m 36 |\u001b[39m       )\u001b[33m;\u001b[39m\n     \u001b[90m 37 |\u001b[39m     }\u001b[0m\n\n      \u001b[2mat ParametersService.create (\u001b[22msrc/modules/parameters/parameters.service.ts\u001b[2m:34:13)\u001b[22m\n      \u001b[2mat Object.<anonymous> (\u001b[22msrc/modules/parameters/parameters.service.spec.ts\u001b[2m:74:7)\u001b[22m"
            }
          ],
          "failureMessages": [
            "Error: \u001b[2mexpect(\u001b[22m\u001b[31mreceived\u001b[39m\u001b[2m).\u001b[22mrejects\u001b[2m.\u001b[22mtoThrow\u001b[2m(\u001b[22m\u001b[32mexpected\u001b[39m\u001b[2m)\u001b[22m\n\nExpected constructor: \u001b[32mConflictException\u001b[39m\nReceived constructor: \u001b[31mInternalServerErrorException\u001b[39m\n\nReceived message: \u001b[31m\"Không thể tạo tham số, vui lòng thử lại sau.\"\u001b[39m\n\n    \u001b[0m \u001b[90m 32 |\u001b[39m     } \u001b[36mcatch\u001b[39m (error) {\n     \u001b[90m 33 |\u001b[39m       console\u001b[33m.\u001b[39merror(\u001b[32m'Lỗi khi tạo tham số:'\u001b[39m\u001b[33m,\u001b[39m error\u001b[33m.\u001b[39mmessage)\u001b[33m;\u001b[39m\n    \u001b[31m\u001b[1m>\u001b[22m\u001b[39m\u001b[90m 34 |\u001b[39m       \u001b[36mthrow\u001b[39m \u001b[36mnew\u001b[39m \u001b[33mInternalServerErrorException\u001b[39m(\n     \u001b[90m    |\u001b[39m             \u001b[31m\u001b[1m^\u001b[22m\u001b[39m\n     \u001b[90m 35 |\u001b[39m         \u001b[32m'Không thể tạo tham số, vui lòng thử lại sau.'\u001b[39m\u001b[33m,\u001b[39m\n     \u001b[90m 36 |\u001b[39m       )\u001b[33m;\u001b[39m\n     \u001b[90m 37 |\u001b[39m     }\u001b[0m\n\n      \u001b[2mat ParametersService.create (\u001b[22msrc/modules/parameters/parameters.service.ts\u001b[2m:34:13)\u001b[22m\n      \u001b[2mat Object.<anonymous> (\u001b[22msrc/modules/parameters/parameters.service.spec.ts\u001b[2m:74:7)\u001b[22m\n    at Object.toThrow (D:\\SE100\\Project\\pj-02-mart-management-be\\node_modules\\expect\\build\\index.js:218:22)\n    at Object.<anonymous> (D:\\SE100\\Project\\pj-02-mart-management-be\\src\\modules\\parameters\\parameters.service.spec.ts:74:55)\n    at Promise.then.completed (D:\\SE100\\Project\\pj-02-mart-management-be\\node_modules\\jest-circus\\build\\utils.js:298:28)\n    at new Promise (<anonymous>)\n    at callAsyncCircusFn (D:\\SE100\\Project\\pj-02-mart-management-be\\node_modules\\jest-circus\\build\\utils.js:231:10)\n    at _callCircusTest (D:\\SE100\\Project\\pj-02-mart-management-be\\node_modules\\jest-circus\\build\\run.js:316:40)\n    at processTicksAndRejections (node:internal/process/task_queues:95:5)\n    at _runTest (D:\\SE100\\Project\\pj-02-mart-management-be\\node_modules\\jest-circus\\build\\run.js:252:3)\n    at _runTestsForDescribeBlock (D:\\SE100\\Project\\pj-02-mart-management-be\\node_modules\\jest-circus\\build\\run.js:126:9)\n    at _runTestsForDescribeBlock (D:\\SE100\\Project\\pj-02-mart-management-be\\node_modules\\jest-circus\\build\\run.js:121:9)\n    at _runTestsForDescribeBlock (D:\\SE100\\Project\\pj-02-mart-management-be\\node_modules\\jest-circus\\build\\run.js:121:9)\n    at run (D:\\SE100\\Project\\pj-02-mart-management-be\\node_modules\\jest-circus\\build\\run.js:71:3)\n    at runAndTransformResultsToJestFormat (D:\\SE100\\Project\\pj-02-mart-management-be\\node_modules\\jest-circus\\build\\legacy-code-todo-rewrite\\jestAdapterInit.js:122:21)\n    at jestAdapter (D:\\SE100\\Project\\pj-02-mart-management-be\\node_modules\\jest-circus\\build\\legacy-code-todo-rewrite\\jestAdapter.js:79:19)\n    at runTestInternal (D:\\SE100\\Project\\pj-02-mart-management-be\\node_modules\\jest-runner\\build\\runTest.js:367:16)\n    at runTest (D:\\SE100\\Project\\pj-02-mart-management-be\\node_modules\\jest-runner\\build\\runTest.js:444:34)\n    at Object.worker (D:\\SE100\\Project\\pj-02-mart-management-be\\node_modules\\jest-runner\\build\\testWorker.js:106:12)"
          ],
          "fullName": "ParametersService create should throw ConflictException if parameter name already exists",
          "invocations": 1,
          "location": null,
          "numPassingAsserts": 0,
          "retryReasons": [],
          "status": "failed",
          "title": "should throw ConflictException if parameter name already exists"
        },
        {
          "ancestorTitles": ["ParametersService", "findAll"],
          "duration": 7,
          "failureDetails": [],
          "failureMessages": [],
          "fullName": "ParametersService findAll should return all parameters",
          "invocations": 1,
          "location": null,
          "numPassingAsserts": 2,
          "retryReasons": [],
          "status": "passed",
          "title": "should return all parameters"
        },
        {
          "ancestorTitles": ["ParametersService", "findOne"],
          "duration": 13,
          "failureDetails": [],
          "failureMessages": [],
          "fullName": "ParametersService findOne should return a parameter by ID",
          "invocations": 1,
          "location": null,
          "numPassingAsserts": 2,
          "retryReasons": [],
          "status": "passed",
          "title": "should return a parameter by ID"
        },
        {
          "ancestorTitles": ["ParametersService", "findOne"],
          "duration": 15,
          "failureDetails": [
            {
              "matcherResult": {
                "message": "\u001b[2mexpect(\u001b[22m\u001b[31mreceived\u001b[39m\u001b[2m).\u001b[22mrejects\u001b[2m.\u001b[22mtoThrow\u001b[2m(\u001b[22m\u001b[32mexpected\u001b[39m\u001b[2m)\u001b[22m\n\nExpected constructor: \u001b[32mNotFoundException\u001b[39m\nReceived constructor: \u001b[31mInternalServerErrorException\u001b[39m\n\nReceived message: \u001b[31m\"Không thể truy xuất dữ liệu tham số, vui lòng thử lại sau.\"\u001b[39m\n\n    \u001b[0m \u001b[90m 66 |\u001b[39m     } \u001b[36mcatch\u001b[39m (error) {\n     \u001b[90m 67 |\u001b[39m       console\u001b[33m.\u001b[39merror(\u001b[32m`Lỗi khi tìm tham số với id: ${id}`\u001b[39m\u001b[33m,\u001b[39m error\u001b[33m.\u001b[39mmessage)\u001b[33m;\u001b[39m\n    \u001b[31m\u001b[1m>\u001b[22m\u001b[39m\u001b[90m 68 |\u001b[39m       \u001b[36mthrow\u001b[39m \u001b[36mnew\u001b[39m \u001b[33mInternalServerErrorException\u001b[39m(\n     \u001b[90m    |\u001b[39m             \u001b[31m\u001b[1m^\u001b[22m\u001b[39m\n     \u001b[90m 69 |\u001b[39m         \u001b[32m'Không thể truy xuất dữ liệu tham số, vui lòng thử lại sau.'\u001b[39m\u001b[33m,\u001b[39m\n     \u001b[90m 70 |\u001b[39m       )\u001b[33m;\u001b[39m\n     \u001b[90m 71 |\u001b[39m     }\u001b[0m\n\n      \u001b[2mat ParametersService.findOne (\u001b[22msrc/modules/parameters/parameters.service.ts\u001b[2m:68:13)\u001b[22m\n      \u001b[2mat Object.<anonymous> (\u001b[22msrc/modules/parameters/parameters.service.spec.ts\u001b[2m:106:7)\u001b[22m",
                "pass": false
              },
              "message": "\u001b[2mexpect(\u001b[22m\u001b[31mreceived\u001b[39m\u001b[2m).\u001b[22mrejects\u001b[2m.\u001b[22mtoThrow\u001b[2m(\u001b[22m\u001b[32mexpected\u001b[39m\u001b[2m)\u001b[22m\n\nExpected constructor: \u001b[32mNotFoundException\u001b[39m\nReceived constructor: \u001b[31mInternalServerErrorException\u001b[39m\n\nReceived message: \u001b[31m\"Không thể truy xuất dữ liệu tham số, vui lòng thử lại sau.\"\u001b[39m\n\n    \u001b[0m \u001b[90m 66 |\u001b[39m     } \u001b[36mcatch\u001b[39m (error) {\n     \u001b[90m 67 |\u001b[39m       console\u001b[33m.\u001b[39merror(\u001b[32m`Lỗi khi tìm tham số với id: ${id}`\u001b[39m\u001b[33m,\u001b[39m error\u001b[33m.\u001b[39mmessage)\u001b[33m;\u001b[39m\n    \u001b[31m\u001b[1m>\u001b[22m\u001b[39m\u001b[90m 68 |\u001b[39m       \u001b[36mthrow\u001b[39m \u001b[36mnew\u001b[39m \u001b[33mInternalServerErrorException\u001b[39m(\n     \u001b[90m    |\u001b[39m             \u001b[31m\u001b[1m^\u001b[22m\u001b[39m\n     \u001b[90m 69 |\u001b[39m         \u001b[32m'Không thể truy xuất dữ liệu tham số, vui lòng thử lại sau.'\u001b[39m\u001b[33m,\u001b[39m\n     \u001b[90m 70 |\u001b[39m       )\u001b[33m;\u001b[39m\n     \u001b[90m 71 |\u001b[39m     }\u001b[0m\n\n      \u001b[2mat ParametersService.findOne (\u001b[22msrc/modules/parameters/parameters.service.ts\u001b[2m:68:13)\u001b[22m\n      \u001b[2mat Object.<anonymous> (\u001b[22msrc/modules/parameters/parameters.service.spec.ts\u001b[2m:106:7)\u001b[22m"
            }
          ],
          "failureMessages": [
            "Error: \u001b[2mexpect(\u001b[22m\u001b[31mreceived\u001b[39m\u001b[2m).\u001b[22mrejects\u001b[2m.\u001b[22mtoThrow\u001b[2m(\u001b[22m\u001b[32mexpected\u001b[39m\u001b[2m)\u001b[22m\n\nExpected constructor: \u001b[32mNotFoundException\u001b[39m\nReceived constructor: \u001b[31mInternalServerErrorException\u001b[39m\n\nReceived message: \u001b[31m\"Không thể truy xuất dữ liệu tham số, vui lòng thử lại sau.\"\u001b[39m\n\n    \u001b[0m \u001b[90m 66 |\u001b[39m     } \u001b[36mcatch\u001b[39m (error) {\n     \u001b[90m 67 |\u001b[39m       console\u001b[33m.\u001b[39merror(\u001b[32m`Lỗi khi tìm tham số với id: ${id}`\u001b[39m\u001b[33m,\u001b[39m error\u001b[33m.\u001b[39mmessage)\u001b[33m;\u001b[39m\n    \u001b[31m\u001b[1m>\u001b[22m\u001b[39m\u001b[90m 68 |\u001b[39m       \u001b[36mthrow\u001b[39m \u001b[36mnew\u001b[39m \u001b[33mInternalServerErrorException\u001b[39m(\n     \u001b[90m    |\u001b[39m             \u001b[31m\u001b[1m^\u001b[22m\u001b[39m\n     \u001b[90m 69 |\u001b[39m         \u001b[32m'Không thể truy xuất dữ liệu tham số, vui lòng thử lại sau.'\u001b[39m\u001b[33m,\u001b[39m\n     \u001b[90m 70 |\u001b[39m       )\u001b[33m;\u001b[39m\n     \u001b[90m 71 |\u001b[39m     }\u001b[0m\n\n      \u001b[2mat ParametersService.findOne (\u001b[22msrc/modules/parameters/parameters.service.ts\u001b[2m:68:13)\u001b[22m\n      \u001b[2mat Object.<anonymous> (\u001b[22msrc/modules/parameters/parameters.service.spec.ts\u001b[2m:106:7)\u001b[22m\n    at Object.toThrow (D:\\SE100\\Project\\pj-02-mart-management-be\\node_modules\\expect\\build\\index.js:218:22)\n    at Object.<anonymous> (D:\\SE100\\Project\\pj-02-mart-management-be\\src\\modules\\parameters\\parameters.service.spec.ts:106:50)\n    at Promise.then.completed (D:\\SE100\\Project\\pj-02-mart-management-be\\node_modules\\jest-circus\\build\\utils.js:298:28)\n    at new Promise (<anonymous>)\n    at callAsyncCircusFn (D:\\SE100\\Project\\pj-02-mart-management-be\\node_modules\\jest-circus\\build\\utils.js:231:10)\n    at _callCircusTest (D:\\SE100\\Project\\pj-02-mart-management-be\\node_modules\\jest-circus\\build\\run.js:316:40)\n    at processTicksAndRejections (node:internal/process/task_queues:95:5)\n    at _runTest (D:\\SE100\\Project\\pj-02-mart-management-be\\node_modules\\jest-circus\\build\\run.js:252:3)\n    at _runTestsForDescribeBlock (D:\\SE100\\Project\\pj-02-mart-management-be\\node_modules\\jest-circus\\build\\run.js:126:9)\n    at _runTestsForDescribeBlock (D:\\SE100\\Project\\pj-02-mart-management-be\\node_modules\\jest-circus\\build\\run.js:121:9)\n    at _runTestsForDescribeBlock (D:\\SE100\\Project\\pj-02-mart-management-be\\node_modules\\jest-circus\\build\\run.js:121:9)\n    at run (D:\\SE100\\Project\\pj-02-mart-management-be\\node_modules\\jest-circus\\build\\run.js:71:3)\n    at runAndTransformResultsToJestFormat (D:\\SE100\\Project\\pj-02-mart-management-be\\node_modules\\jest-circus\\build\\legacy-code-todo-rewrite\\jestAdapterInit.js:122:21)\n    at jestAdapter (D:\\SE100\\Project\\pj-02-mart-management-be\\node_modules\\jest-circus\\build\\legacy-code-todo-rewrite\\jestAdapter.js:79:19)\n    at runTestInternal (D:\\SE100\\Project\\pj-02-mart-management-be\\node_modules\\jest-runner\\build\\runTest.js:367:16)\n    at runTest (D:\\SE100\\Project\\pj-02-mart-management-be\\node_modules\\jest-runner\\build\\runTest.js:444:34)\n    at Object.worker (D:\\SE100\\Project\\pj-02-mart-management-be\\node_modules\\jest-runner\\build\\testWorker.js:106:12)"
          ],
          "fullName": "ParametersService findOne should throw NotFoundException if parameter not found",
          "invocations": 1,
          "location": null,
          "numPassingAsserts": 0,
          "retryReasons": [],
          "status": "failed",
          "title": "should throw NotFoundException if parameter not found"
        },
        {
          "ancestorTitles": ["ParametersService", "update"],
          "duration": 20,
          "failureDetails": [
            {
              "response": {
                "message": "Không thể cập nhật tham số, vui lòng thử lại sau.",
                "error": "Internal Server Error",
                "statusCode": 500
              },
              "status": 500,
              "options": {},
              "message": "Không thể cập nhật tham số, vui lòng thử lại sau.",
              "name": "InternalServerErrorException"
            }
          ],
          "failureMessages": [
            "InternalServerErrorException: Không thể cập nhật tham số, vui lòng thử lại sau.\n    at ParametersService.update (D:\\SE100\\Project\\pj-02-mart-management-be\\src\\modules\\parameters\\parameters.service.ts:99:13)\n    at processTicksAndRejections (node:internal/process/task_queues:95:5)\n    at Object.<anonymous> (D:\\SE100\\Project\\pj-02-mart-management-be\\src\\modules\\parameters\\parameters.service.spec.ts:119:22)"
          ],
          "fullName": "ParametersService update should update a parameter successfully",
          "invocations": 1,
          "location": null,
          "numPassingAsserts": 0,
          "retryReasons": [],
          "status": "failed",
          "title": "should update a parameter successfully"
        },
        {
          "ancestorTitles": ["ParametersService", "update"],
          "duration": 20,
          "failureDetails": [
            {
              "matcherResult": {
                "message": "\u001b[2mexpect(\u001b[22m\u001b[31mreceived\u001b[39m\u001b[2m).\u001b[22mrejects\u001b[2m.\u001b[22mtoThrow\u001b[2m(\u001b[22m\u001b[32mexpected\u001b[39m\u001b[2m)\u001b[22m\n\nExpected constructor: \u001b[32mConflictException\u001b[39m\nReceived constructor: \u001b[31mInternalServerErrorException\u001b[39m\n\nReceived message: \u001b[31m\"Không thể cập nhật tham số, vui lòng thử lại sau.\"\u001b[39m\n\n    \u001b[0m \u001b[90m  97 |\u001b[39m     } \u001b[36mcatch\u001b[39m (error) {\n     \u001b[90m  98 |\u001b[39m       console\u001b[33m.\u001b[39merror(\u001b[32m`Lỗi khi cập nhật tham số với id: ${id}`\u001b[39m\u001b[33m,\u001b[39m error\u001b[33m.\u001b[39mmessage)\u001b[33m;\u001b[39m\n    \u001b[31m\u001b[1m>\u001b[22m\u001b[39m\u001b[90m  99 |\u001b[39m       \u001b[36mthrow\u001b[39m \u001b[36mnew\u001b[39m \u001b[33mInternalServerErrorException\u001b[39m(\n     \u001b[90m     |\u001b[39m             \u001b[31m\u001b[1m^\u001b[22m\u001b[39m\n     \u001b[90m 100 |\u001b[39m         \u001b[32m'Không thể cập nhật tham số, vui lòng thử lại sau.'\u001b[39m\u001b[33m,\u001b[39m\n     \u001b[90m 101 |\u001b[39m       )\u001b[33m;\u001b[39m\n     \u001b[90m 102 |\u001b[39m     }\u001b[0m\n\n      \u001b[2mat ParametersService.update (\u001b[22msrc/modules/parameters/parameters.service.ts\u001b[2m:99:13)\u001b[22m\n      \u001b[2mat Object.<anonymous> (\u001b[22msrc/modules/parameters/parameters.service.spec.ts\u001b[2m:135:7)\u001b[22m",
                "pass": false
              },
              "message": "\u001b[2mexpect(\u001b[22m\u001b[31mreceived\u001b[39m\u001b[2m).\u001b[22mrejects\u001b[2m.\u001b[22mtoThrow\u001b[2m(\u001b[22m\u001b[32mexpected\u001b[39m\u001b[2m)\u001b[22m\n\nExpected constructor: \u001b[32mConflictException\u001b[39m\nReceived constructor: \u001b[31mInternalServerErrorException\u001b[39m\n\nReceived message: \u001b[31m\"Không thể cập nhật tham số, vui lòng thử lại sau.\"\u001b[39m\n\n    \u001b[0m \u001b[90m  97 |\u001b[39m     } \u001b[36mcatch\u001b[39m (error) {\n     \u001b[90m  98 |\u001b[39m       console\u001b[33m.\u001b[39merror(\u001b[32m`Lỗi khi cập nhật tham số với id: ${id}`\u001b[39m\u001b[33m,\u001b[39m error\u001b[33m.\u001b[39mmessage)\u001b[33m;\u001b[39m\n    \u001b[31m\u001b[1m>\u001b[22m\u001b[39m\u001b[90m  99 |\u001b[39m       \u001b[36mthrow\u001b[39m \u001b[36mnew\u001b[39m \u001b[33mInternalServerErrorException\u001b[39m(\n     \u001b[90m     |\u001b[39m             \u001b[31m\u001b[1m^\u001b[22m\u001b[39m\n     \u001b[90m 100 |\u001b[39m         \u001b[32m'Không thể cập nhật tham số, vui lòng thử lại sau.'\u001b[39m\u001b[33m,\u001b[39m\n     \u001b[90m 101 |\u001b[39m       )\u001b[33m;\u001b[39m\n     \u001b[90m 102 |\u001b[39m     }\u001b[0m\n\n      \u001b[2mat ParametersService.update (\u001b[22msrc/modules/parameters/parameters.service.ts\u001b[2m:99:13)\u001b[22m\n      \u001b[2mat Object.<anonymous> (\u001b[22msrc/modules/parameters/parameters.service.spec.ts\u001b[2m:135:7)\u001b[22m"
            }
          ],
          "failureMessages": [
            "Error: \u001b[2mexpect(\u001b[22m\u001b[31mreceived\u001b[39m\u001b[2m).\u001b[22mrejects\u001b[2m.\u001b[22mtoThrow\u001b[2m(\u001b[22m\u001b[32mexpected\u001b[39m\u001b[2m)\u001b[22m\n\nExpected constructor: \u001b[32mConflictException\u001b[39m\nReceived constructor: \u001b[31mInternalServerErrorException\u001b[39m\n\nReceived message: \u001b[31m\"Không thể cập nhật tham số, vui lòng thử lại sau.\"\u001b[39m\n\n    \u001b[0m \u001b[90m  97 |\u001b[39m     } \u001b[36mcatch\u001b[39m (error) {\n     \u001b[90m  98 |\u001b[39m       console\u001b[33m.\u001b[39merror(\u001b[32m`Lỗi khi cập nhật tham số với id: ${id}`\u001b[39m\u001b[33m,\u001b[39m error\u001b[33m.\u001b[39mmessage)\u001b[33m;\u001b[39m\n    \u001b[31m\u001b[1m>\u001b[22m\u001b[39m\u001b[90m  99 |\u001b[39m       \u001b[36mthrow\u001b[39m \u001b[36mnew\u001b[39m \u001b[33mInternalServerErrorException\u001b[39m(\n     \u001b[90m     |\u001b[39m             \u001b[31m\u001b[1m^\u001b[22m\u001b[39m\n     \u001b[90m 100 |\u001b[39m         \u001b[32m'Không thể cập nhật tham số, vui lòng thử lại sau.'\u001b[39m\u001b[33m,\u001b[39m\n     \u001b[90m 101 |\u001b[39m       )\u001b[33m;\u001b[39m\n     \u001b[90m 102 |\u001b[39m     }\u001b[0m\n\n      \u001b[2mat ParametersService.update (\u001b[22msrc/modules/parameters/parameters.service.ts\u001b[2m:99:13)\u001b[22m\n      \u001b[2mat Object.<anonymous> (\u001b[22msrc/modules/parameters/parameters.service.spec.ts\u001b[2m:135:7)\u001b[22m\n    at Object.toThrow (D:\\SE100\\Project\\pj-02-mart-management-be\\node_modules\\expect\\build\\index.js:218:22)\n    at Object.<anonymous> (D:\\SE100\\Project\\pj-02-mart-management-be\\src\\modules\\parameters\\parameters.service.spec.ts:135:58)\n    at Promise.then.completed (D:\\SE100\\Project\\pj-02-mart-management-be\\node_modules\\jest-circus\\build\\utils.js:298:28)\n    at new Promise (<anonymous>)\n    at callAsyncCircusFn (D:\\SE100\\Project\\pj-02-mart-management-be\\node_modules\\jest-circus\\build\\utils.js:231:10)\n    at _callCircusTest (D:\\SE100\\Project\\pj-02-mart-management-be\\node_modules\\jest-circus\\build\\run.js:316:40)\n    at processTicksAndRejections (node:internal/process/task_queues:95:5)\n    at _runTest (D:\\SE100\\Project\\pj-02-mart-management-be\\node_modules\\jest-circus\\build\\run.js:252:3)\n    at _runTestsForDescribeBlock (D:\\SE100\\Project\\pj-02-mart-management-be\\node_modules\\jest-circus\\build\\run.js:126:9)\n    at _runTestsForDescribeBlock (D:\\SE100\\Project\\pj-02-mart-management-be\\node_modules\\jest-circus\\build\\run.js:121:9)\n    at _runTestsForDescribeBlock (D:\\SE100\\Project\\pj-02-mart-management-be\\node_modules\\jest-circus\\build\\run.js:121:9)\n    at run (D:\\SE100\\Project\\pj-02-mart-management-be\\node_modules\\jest-circus\\build\\run.js:71:3)\n    at runAndTransformResultsToJestFormat (D:\\SE100\\Project\\pj-02-mart-management-be\\node_modules\\jest-circus\\build\\legacy-code-todo-rewrite\\jestAdapterInit.js:122:21)\n    at jestAdapter (D:\\SE100\\Project\\pj-02-mart-management-be\\node_modules\\jest-circus\\build\\legacy-code-todo-rewrite\\jestAdapter.js:79:19)\n    at runTestInternal (D:\\SE100\\Project\\pj-02-mart-management-be\\node_modules\\jest-runner\\build\\runTest.js:367:16)\n    at runTest (D:\\SE100\\Project\\pj-02-mart-management-be\\node_modules\\jest-runner\\build\\runTest.js:444:34)\
[...]
          "retryReasons": [],
          "status": "passed",
          "title": "should return an empty list if no products are found"
        }
      ],
      "endTime": 1733816557969,
      "message": "",
      "name": "D:\\SE100\\Project\\pj-02-mart-management-be\\src\\modules\\supplier_products\\supplier_products.controller.spec.ts",
      "startTime": 1733816557030,
      "status": "passed",
      "summary": ""
    },
    {
      "assertionResults": [
        {
          "ancestorTitles": ["RolesService"],
          "duration": 23,
          "failureDetails": [],
          "failureMessages": [],
          "fullName": "RolesService should be defined",
          "invocations": 1,
          "location": null,
          "numPassingAsserts": 1,
          "retryReasons": [],
          "status": "passed",
          "title": "should be defined"
        },
        {
          "ancestorTitles": ["RolesService", "findAll"],
          "duration": 7,
          "failureDetails": [],
          "failureMessages": [],
          "fullName": "RolesService findAll should return a list of roles with pagination",
          "invocations": 1,
          "location": null,
          "numPassingAsserts": 3,
          "retryReasons": [],
          "status": "passed",
          "title": "should return a list of roles with pagination"
        },
        {
          "ancestorTitles": ["RolesService", "findAll"],
          "duration": 4,
          "failureDetails": [],
          "failureMessages": [],
          "fullName": "RolesService findAll should return an empty list if no roles are found",
          "invocations": 1,
          "location": null,
          "numPassingAsserts": 1,
          "retryReasons": [],
          "status": "passed",
          "title": "should return an empty list if no roles are found"
        },
        {
          "ancestorTitles": ["RolesService", "findAll"],
          "duration": 19,
          "failureDetails": [],
          "failureMessages": [],
          "fullName": "RolesService findAll should throw InternalServerErrorException on database error",
          "invocations": 1,
          "location": null,
          "numPassingAsserts": 1,
          "retryReasons": [],
          "status": "passed",
          "title": "should throw InternalServerErrorException on database error"
        },
        {
          "ancestorTitles": ["RolesService", "findByIds"],
          "duration": 15,
          "failureDetails": [],
          "failureMessages": [],
          "fullName": "RolesService findByIds should return roles matching given IDs",
          "invocations": 1,
          "location": null,
          "numPassingAsserts": 2,
          "retryReasons": [],
          "status": "passed",
          "title": "should return roles matching given IDs"
        },
        {
          "ancestorTitles": ["RolesService", "findByIds"],
          "duration": 11,
          "failureDetails": [],
          "failureMessages": [],
          "fullName": "RolesService findByIds should return an empty list if no roles match the given IDs",
          "invocations": 1,
          "location": null,
          "numPassingAsserts": 2,
          "retryReasons": [],
          "status": "passed",
          "title": "should return an empty list if no roles match the given IDs"
        }
      ],
      "endTime": 1733816558120,
      "message": "",
      "name": "D:\\SE100\\Project\\pj-02-mart-management-be\\src\\modules\\roles\\roles.service.spec.ts",
      "startTime": 1733816557220,
      "status": "passed",
      "summary": ""
    },
    {
      "assertionResults": [],
      "coverage": {},
      "endTime": 1733816564719,
      "message": "  \u001b[1m● \u001b[22mTest suite failed to run\n\n    Your test suite must contain at least one test.\n\n      \u001b[2mat onResult (\u001b[22m../node_modules/@jest/core/build/TestScheduler.js\u001b[2m:133:18)\u001b[22m\n      \u001b[2mat \u001b[22m../node_modules/@jest/core/build/TestScheduler.js\u001b[2m:254:19\u001b[22m\n      \u001b[2mat \u001b[22m../node_modules/emittery/index.js\u001b[2m:363:13\u001b[22m\n          at Array.map (<anonymous>)\n      \u001b[2mat Emittery.emit (\u001b[22m../node_modules/emittery/index.js\u001b[2m:361:23)\u001b[22m\n",
      "name": "D:\\SE100\\Project\\pj-02-mart-management-be\\src\\modules\\product_samples\\product_samples.service.spec.ts",
      "startTime": 1733816564719,
      "status": "failed",
      "summary": ""
    },
    {
      "assertionResults": [
        {
          "ancestorTitles": ["SupplierProductsService"],
          "duration": 9,
          "failureDetails": [],
          "failureMessages": [],
          "fullName": "SupplierProductsService should be defined",
          "invocations": 1,
          "location": null,
          "numPassingAsserts": 1,
          "retryReasons": [],
          "status": "passed",
          "title": "should be defined"
        },
        {
          "ancestorTitles": ["SupplierProductsService", "findAll"],
          "duration": 8,
          "failureDetails": [],
          "failureMessages": [],
          "fullName": "SupplierProductsService findAll should return a list of supplier products",
          "invocations": 1,
          "location": null,
          "numPassingAsserts": 3,
          "retryReasons": [],
          "status": "passed",
          "title": "should return a list of supplier products"
        },
        {
          "ancestorTitles": ["SupplierProductsService", "findAll"],
          "duration": 4,
          "failureDetails": [],
          "failureMessages": [],
          "fullName": "SupplierProductsService findAll should return an empty list if no products are found",
          "invocations": 1,
          "location": null,
          "numPassingAsserts": 1,
          "retryReasons": [],
          "status": "passed",
          "title": "should return an empty list if no products are found"
        }
      ],
      "endTime": 1733816558354,
      "message": "",
      "name": "D:\\SE100\\Project\\pj-02-mart-management-be\\src\\modules\\supplier_products\\supplier_products.service.spec.ts",
      "startTime": 1733816557346,
      "status": "passed",
      "summary": ""
    },
    {
      "assertionResults": [],
      "coverage": {},
      "endTime": 1733816564719,
      "message": "  \u001b[1m● \u001b[22mTest suite failed to run\n\n    Your test suite must contain at least one test.\n\n      \u001b[2mat onResult (\u001b[22m../node_modules/@jest/core/build/TestScheduler.js\u001b[2m:133:18)\u001b[22m\n      \u001b[2mat \u001b[22m../node_modules/@jest/core/build/TestScheduler.js\u001b[2m:254:19\u001b[22m\n      \u001b[2mat \u001b[22m../node_modules/emittery/index.js\u001b[2m:363:13\u001b[22m\n          at Array.map (<anonymous>)\n      \u001b[2mat Emittery.emit (\u001b[22m../node_modules/emittery/index.js\u001b[2m:361:23)\u001b[22m\n",
      "name": "D:\\SE100\\Project\\pj-02-mart-management-be\\src\\modules\\inbound_receipt\\inbound_receipt.service.spec.ts",
      "startTime": 1733816564719,
      "status": "failed",
      "summary": ""
    },
    {
      "assertionResults": [
        {
          "ancestorTitles": ["OrderDetailsController"],
          "duration": 10,
          "failureDetails": [],
          "failureMessages": [],
          "fullName": "OrderDetailsController should be defined",
          "invocations": 1,
          "location": null,
          "numPassingAsserts": 1,
          "retryReasons": [],
          "status": "passed",
          "title": "should be defined"
        },
        {
          "ancestorTitles": ["OrderDetailsController", "create"],
          "duration": 11,
          "failureDetails": [],
          "failureMessages": [],
          "fullName": "OrderDetailsController create should successfully create an order detail",
          "invocations": 1,
          "location": null,
          "numPassingAsserts": 2,
          "retryReasons": [],
          "status": "passed",
          "title": "should successfully create an order detail"
        },
        {
          "ancestorTitles": ["OrderDetailsController", "create"],
          "duration": 19,
          "failureDetails": [],
          "failureMessages": [],
          "fullName": "OrderDetailsController create should throw NotFoundException if order is not found",
          "invocations": 1,
          "location": null,
          "numPassingAsserts": 1,
          "retryReasons": [],
          "status": "passed",
          "title": "should throw NotFoundException if order is not found"
        },
        {
          "ancestorTitles": ["OrderDetailsController", "create"],
          "duration": 12,
          "failureDetails": [],
          "failureMessages": [],
          "fullName": "OrderDetailsController create should throw InternalServerErrorException if creation fails",
          "invocations": 1,
          "location": null,
          "numPassingAsserts": 1,
          "retryReasons": [],
          "status": "passed",
          "title": "should throw InternalServerErrorException if creation fails"
        }
      ],
      "endTime": 1733816558398,
      "message": "",
      "name": "D:\\SE100\\Project\\pj-02-mart-management-be\\src\\modules\\order_details\\order_details.controller.spec.ts",
      "startTime": 1733816557144,
      "status": "passed",
      "summary": ""
    },
    {
      "assertionResults": [
        {
          "ancestorTitles": ["ParametersController"],
          "duration": 12,
          "failureDetails": [],
          "failureMessages": [],
          "fullName": "ParametersController should be defined",
          "invocations": 1,
          "location": null,
          "numPassingAsserts": 1,
          "retryReasons": [],
          "status": "passed",
          "title": "should be defined"
        },
        {
          "ancestorTitles": ["ParametersController", "create"],
          "duration": 7,
          "failureDetails": [],
          "failureMessages": [],
          "fullName": "ParametersController create should create a parameter successfully",
          "invocations": 1,
          "location": null,
          "numPassingAsserts": 1,
          "retryReasons": [],
          "status": "passed",
          "title": "should create a parameter successfully"
        },
        {
          "ancestorTitles": ["ParametersController", "findAll"],
          "duration": 3,
          "failureDetails": [],
          "failureMessages": [],
          "fullName": "ParametersController findAll should return all parameters",
          "invocations": 1,
          "location": null,
          "numPassingAsserts": 1,
          "retryReasons": [],
          "status": "passed",
          "title": "should return all parameters"
        },
        {
          "ancestorTitles": ["ParametersController", "findOne"],
          "duration": 4,
          "failureDetails": [],
          "failureMessages": [],
          "fullName": "ParametersController findOne should return a parameter by ID",
          "invocations": 1,
          "location": null,
          "numPassingAsserts": 1,
          "retryReasons": [],
          "status": "passed",
          "title": "should return a parameter by ID"
        },
        {
          "ancestorTitles": ["ParametersController", "findOne"],
          "duration": 34,
          "failureDetails": [],
          "failureMessages": [],
          "fullName": "ParametersController findOne should throw NotFoundException if parameter not found",
          "invocations": 1,
          "location": null,
          "numPassingAsserts": 1,
          "retryReasons": [],
          "status": "passed",
          "title": "should throw NotFoundException if parameter not found"
        },
        {
          "ancestorTitles": ["ParametersController", "update"],
          "duration": 5,
          "failureDetails": [],
          "failureMessages": [],
          "fullName": "ParametersController update should update a parameter successfully",
          "invocations": 1,
          "location": null,
          "numPassingAsserts": 1,
          "retryReasons": [],
          "status": "passed",
          "title": "should update a parameter successfully"
        },
        {
          "ancestorTitles": ["ParametersController", "remove"],
          "duration": 5,
          "failureDetails": [],
          "failureMessages": [],
          "fullName": "ParametersController remove should remove a parameter successfully",
          "invocations": 1,
          "location": null,
          "numPassingAsserts": 1,
          "retryReasons": [],
          "status": "passed",
          "title": "should remove a parameter successfully"
        }
      ],
      "endTime": 1733816558390,
      "message": "",
      "name": "D:\\SE100\\Project\\pj-02-mart-management-be\\src\\modules\\parameters\\parameters.controller.spec.ts",
      "startTime": 1733816557094,
      "status": "passed",
      "summary": ""
    },
    {
      "assertionResults": [],
      "coverage": {},
      "endTime": 1733816564719,
      "message": "  \u001b[1m● \u001b[22mTest suite failed to run\n\n    Your test suite must contain at least one test.\n\n      \u001b[2mat onResult (\u001b[22m../node_modules/@jest/core/build/TestScheduler.js\u001b[2m:133:18)\u001b[22m\n      \u001b[2mat \u001b[22m../node_modules/@jest/core/build/TestScheduler.js\u001b[2m:254:19\u001b[22m\n      \u001b[2mat \u001b[22m../node_modules/emittery/index.js\u001b[2m:363:13\u001b[22m\n          at Array.map (<anonymous>)\n      \u001b[2mat Emittery.emit (\u001b[22m../node_modules/emittery/index.js\u001b[2m:361:23)\u001b[22m\n",
      "name": "D:\\SE100\\Project\\pj-02-mart-management-be\\src\\modules\\inbound_receipt\\inbound_receipt.controller.spec.ts",
      "startTime": 1733816564719,
      "status": "failed",
      "summary": ""
    },
    {
      "assertionResults": [
        {
          "ancestorTitles": ["RolesController"],
          "duration": 7,
          "failureDetails": [],
          "failureMessages": [],
          "fullName": "RolesController should be defined",
          "invocations": 1,
          "location": null,
          "numPassingAsserts": 1,
          "retryReasons": [],
          "status": "passed",
          "title": "should be defined"
        },
        {
          "ancestorTitles": ["RolesController", "findAll"],
          "duration": 4,
          "failureDetails": [],
          "failureMessages": [],
          "fullName": "RolesController findAll should return a list of roles with pagination",
          "invocations": 1,
          "location": null,
          "numPassingAsserts": 2,
          "retryReasons": [],
          "status": "passed",
          "title": "should return a list of roles with pagination"
        },
        {
          "ancestorTitles": ["RolesController", "findAll"],
          "duration": 4,
          "failureDetails": [],
          "failureMessages": [],
          "fullName": "RolesController findAll should return an empty list if no roles are found",
          "invocations": 1,
          "location": null,
          "numPassingAsserts": 2,
          "retryReasons": [],
          "status": "passed",
          "title": "should return an empty list if no roles are found"
        }
      ],
      "endTime": 1733816558458,
      "message": "",
      "name": "D:\\SE100\\Project\\pj-02-mart-management-be\\src\\modules\\roles\\roles.controller.spec.ts",
      "startTime": 1733816557505,
      "status": "passed",
      "summary": ""
    },
    {
      "assertionResults": [
        {
          "ancestorTitles": ["BatchsService"],
          "duration": 6,
          "failureDetails": [],
          "failureMessages": [],
          "fullName": "BatchsService should be defined",
          "invocations": 1,
          "location": null,
          "numPassingAsserts": 1,
          "retryReasons": [],
          "status": "passed",
          "title": "should be defined"
        },
        {
          "ancestorTitles": ["BatchsService"],
          "duration": 2,
          "failureDetails": [],
          "failureMessages": [],
          "fullName": "BatchsService should create a batch",
          "invocations": 1,
          "location": null,
          "numPassingAsserts": 2,
          "retryReasons": [],
          "status": "passed",
          "title": "should create a batch"
        },
        {
          "ancestorTitles": ["BatchsService"],
          "duration": 2,
          "failureDetails": [],
          "failureMessages": [],
          "fullName": "BatchsService should return all batches",
          "invocations": 1,
          "location": null,
          "numPassingAsserts": 2,
          "retryReasons": [],
          "status": "passed",
          "title": "should return all batches"
        },
        {
          "ancestorTitles": ["BatchsService"],
          "duration": 3,
          "failureDetails": [],
          "failureMessages": [],
          "fullName": "BatchsService should return a batch by ID",
          "invocations": 1,
          "location": null,
          "numPassingAsserts": 2,
          "retryReasons": [],
          "status": "passed",
          "title": "should return a batch by ID"
        },
        {
          "ancestorTitles": ["BatchsService"],
          "duration": 2,
          "failureDetails": [],
          "failureMessages": [],
          "fullName": "BatchsService should update a batch",
          "invocations": 1,
          "location": null,
          "numPassingAsserts": 2,
          "retryReasons": [],
          "status": "passed",
          "title": "should update a batch"
        },
        {
          "ancestorTitles": ["BatchsService"],
          "duration": 4,
          "failureDetails": [],
          "failureMessages": [],
          "fullName": "BatchsService should delete a batch",
          "invocations": 1,
          "location": null,
          "numPassingAsserts": 2,
          "retryReasons": [],
          "status": "passed",
          "title": "should delete a batch"
        }
      ],
      "endTime": 1733816558533,
      "message": "",
      "name": "D:\\SE100\\Project\\pj-02-mart-management-be\\src\\modules\\batchs\\batchs.service.spec.ts",
      "startTime": 1733816557421,
      "status": "passed",
      "summary": ""
    },
    {
      "assertionResults": [],
      "coverage": {},
      "endTime": 1733816564719,
      "message": "  \u001b[1m● \u001b[22mTest suite failed to run\n\n    \u001b[96msrc/modules/orders/orders.service.spec.ts\u001b[0m:\u001b[93m115\u001b[0m:\u001b[93m55\u001b[0m - \u001b[91merror\u001b[0m\u001b[90m TS2345: \u001b[0mArgument of type '{ id: number; totalPrice: number; paymentMethod: string; paymentTime: Date; status: string; orderType: string; isReceived: number; isPaid: number; createdAt: Date; deletedAt: any; customer: { ...; }; staff: { ...; }; orderDetails: { ...; }[]; }' is not assignable to parameter of type 'Order | Promise<Order>'.\n      Type '{ id: number; totalPrice: number; paymentMethod: string; paymentTime: Date; status: string; orderType: string; isReceived: number; isPaid: number; createdAt: Date; deletedAt: any; customer: { ...; }; staff: { ...; }; orderDetails: { ...; }[]; }' is not assignable to type 'Order'.\n        Types of property 'customer' are incompatible.\n          Type '{ id: number; name: string; email: string; password: string; score: number; address: string; phone: string; isActive: number; codeId: string; codeExpired: Date; createdAt: Date; deletedAt: any; }' is missing the following properties from type 'User': group, customerOrders, staffOrders, inboundReceipts\n\n    \u001b[7m115\u001b[0m       jest.spyOn(service, 'create').mockResolvedValue(order);\n    \u001b[7m   \u001b[0m \u001b[91m                                                      ~~~~~\u001b[0m\n",
      "name": "D:\\SE100\\Project\\pj-02-mart-management-be\\src\\modules\\orders\\orders.service.spec.ts",
      "startTime": 1733816564719,
      "status": "failed",
      "summary": ""
    }
  ],
  "wasInterrupted": false
}
